mode: set
pvz-cli/cmd/pvz/main.go:14.13,22.16 5 0
pvz-cli/cmd/pvz/main.go:22.16,25.3 2 0
pvz-cli/cmd/pvz/main.go:27.2,28.16 2 0
pvz-cli/cmd/pvz/main.go:28.16,31.3 2 0
pvz-cli/cmd/pvz/main.go:32.2,36.40 3 0
pvz-cli/cmd/pvz/main.go:36.40,38.3 1 0
pvz-cli/cmd/pvz/main.go:40.2,48.53 4 0
pvz-cli/cmd/pvz/main.go:48.53,51.3 2 0
pvz-cli/cmd/pvz/main.go:53.2,53.44 1 0
pvz-cli/cmd/pvz/setup_flag.go:10.36,20.19 5 0
pvz-cli/cmd/pvz/setup_flag.go:20.19,22.3 1 0
pvz-cli/cmd/pvz/setup_flag.go:23.2,23.19 1 0
pvz-cli/cmd/pvz/setup_flag.go:23.19,26.3 1 0
pvz-cli/cmd/pvz/setup_flag.go:26.8,28.3 1 0
pvz-cli/cmd/pvz/setup_flag.go:31.2,31.19 1 0
pvz-cli/cmd/pvz/setup_flag.go:31.19,33.3 1 0
pvz-cli/cmd/pvz/setup_flag.go:34.2,34.19 1 0
pvz-cli/cmd/pvz/setup_flag.go:34.19,36.3 1 0
pvz-cli/cmd/pvz/setup_flag.go:36.8,38.3 1 0
pvz-cli/cmd/pvz/setup_flag.go:40.2,40.25 1 0
pvz-cli/internal/config/config.go:36.62,37.47 1 0
pvz-cli/internal/config/config.go:37.47,39.3 1 0
pvz-cli/internal/config/config.go:41.2,46.32 4 0
pvz-cli/internal/config/config.go:46.32,47.45 1 0
pvz-cli/internal/config/config.go:47.45,49.4 1 0
pvz-cli/internal/config/config.go:52.2,66.70 12 0
pvz-cli/internal/config/config.go:66.70,68.3 1 0
pvz-cli/internal/config/config.go:68.8,72.3 3 0
pvz-cli/internal/config/config.go:73.2,73.41 1 0
pvz-cli/internal/config/config.go:73.41,80.3 1 0
pvz-cli/internal/config/config.go:82.2,83.42 2 0
pvz-cli/internal/config/config.go:83.42,89.3 1 0
pvz-cli/internal/config/config.go:91.2,91.27 1 0
pvz-cli/internal/config/config.go:91.27,93.3 1 0
pvz-cli/internal/config/config.go:94.2,94.31 1 0
pvz-cli/internal/config/config.go:94.31,96.3 1 0
pvz-cli/internal/config/config.go:97.2,97.30 1 0
pvz-cli/internal/config/config.go:97.30,99.3 1 0
pvz-cli/internal/config/config.go:101.2,101.40 1 0
pvz-cli/internal/config/config.go:101.40,102.48 1 0
pvz-cli/internal/config/config.go:102.48,104.4 1 0
pvz-cli/internal/config/config.go:107.2,107.18 1 0
pvz-cli/internal/app/app.go:54.63,60.16 4 0
pvz-cli/internal/app/app.go:60.16,63.3 1 0
pvz-cli/internal/app/app.go:64.2,64.40 1 0
pvz-cli/internal/app/app.go:64.40,68.3 3 0
pvz-cli/internal/app/app.go:70.2,71.16 2 0
pvz-cli/internal/app/app.go:71.16,74.3 1 0
pvz-cli/internal/app/app.go:75.2,75.40 1 0
pvz-cli/internal/app/app.go:75.40,79.3 3 0
pvz-cli/internal/app/app.go:81.2,82.16 2 0
pvz-cli/internal/app/app.go:82.16,85.3 1 0
pvz-cli/internal/app/app.go:86.2,86.40 1 0
pvz-cli/internal/app/app.go:86.40,90.3 3 0
pvz-cli/internal/app/app.go:92.2,95.40 3 0
pvz-cli/internal/app/app.go:95.40,99.3 3 0
pvz-cli/internal/app/app.go:101.2,104.26 2 0
pvz-cli/internal/app/app.go:104.26,106.4 1 0
pvz-cli/internal/app/app.go:109.2,135.16 7 0
pvz-cli/internal/app/app.go:135.16,137.3 1 0
pvz-cli/internal/app/app.go:138.2,138.47 1 0
pvz-cli/internal/app/app.go:138.47,142.3 3 0
pvz-cli/internal/app/app.go:144.2,145.45 2 0
pvz-cli/internal/app/app.go:145.45,148.3 2 0
pvz-cli/internal/app/app.go:150.2,159.12 3 0
pvz-cli/internal/app/app.go:159.12,160.79 1 0
pvz-cli/internal/app/app.go:160.79,162.4 1 0
pvz-cli/internal/app/app.go:165.2,165.10 1 0
pvz-cli/internal/app/app.go:168.30,184.2 9 0
pvz-cli/internal/app/app.go:186.49,187.39 1 0
pvz-cli/internal/app/app.go:187.39,189.3 1 0
pvz-cli/internal/app/app.go:191.2,191.42 1 0
pvz-cli/internal/app/app.go:191.42,193.3 1 0
pvz-cli/internal/app/app.go:195.2,195.12 1 0
pvz-cli/internal/app/app.go:198.53,201.16 3 0
pvz-cli/internal/app/app.go:201.16,203.3 1 0
pvz-cli/internal/app/app.go:205.2,205.47 1 0
pvz-cli/internal/app/app.go:205.47,209.3 3 0
pvz-cli/internal/app/app.go:211.2,211.12 1 0
pvz-cli/internal/app/app.go:211.12,215.91 2 0
pvz-cli/internal/app/app.go:215.91,219.4 1 0
pvz-cli/internal/app/app.go:222.2,222.12 1 0
pvz-cli/internal/app/app.go:225.56,244.16 4 0
pvz-cli/internal/app/app.go:244.16,246.3 1 0
pvz-cli/internal/app/app.go:248.2,248.47 1 0
pvz-cli/internal/app/app.go:248.47,251.3 2 0
pvz-cli/internal/app/app.go:253.2,253.75 1 0
pvz-cli/internal/app/app.go:253.75,255.3 1 0
pvz-cli/internal/app/app.go:257.2,257.74 1 0
pvz-cli/internal/app/app.go:257.74,259.3 1 0
pvz-cli/internal/app/app.go:261.2,269.47 4 0
pvz-cli/internal/app/app.go:269.47,272.3 2 0
pvz-cli/internal/app/app.go:274.2,274.12 1 0
pvz-cli/internal/app/app.go:274.12,278.92 2 0
pvz-cli/internal/app/app.go:278.92,282.4 1 0
pvz-cli/internal/app/app.go:285.2,285.12 1 0
pvz-cli/internal/app/app.go:288.59,333.2 15 0
pvz-cli/internal/app/app.go:335.54,337.2 1 0
pvz-cli/internal/app/setup_logger.go:11.67,13.16 2 0
pvz-cli/internal/app/setup_logger.go:13.16,15.3 1 0
pvz-cli/internal/app/setup_logger.go:17.2,18.25 2 0
pvz-cli/internal/app/setup_logger.go:18.25,23.3 1 0
pvz-cli/internal/app/setup_logger.go:25.2,33.60 1 0
pvz-cli/internal/app/setup_logger.go:33.60,35.27 2 0
pvz-cli/internal/app/setup_logger.go:35.27,37.5 1 0
pvz-cli/internal/app/setup_logger.go:41.2,41.21 1 0
pvz-cli/internal/app/setup_logger.go:41.21,43.3 1 0
pvz-cli/internal/app/setup_logger.go:45.2,45.32 1 0
pvz-cli/internal/app/setup_logger.go:45.32,47.3 1 0
pvz-cli/internal/app/setup_logger.go:49.2,49.34 1 0
pvz-cli/internal/config/storage/postgres_config.go:23.98,28.16 3 0
pvz-cli/internal/config/storage/postgres_config.go:28.16,30.3 1 0
pvz-cli/internal/config/storage/postgres_config.go:32.2,39.16 7 0
pvz-cli/internal/config/storage/postgres_config.go:39.16,41.3 1 0
pvz-cli/internal/config/storage/postgres_config.go:43.2,43.46 1 0
pvz-cli/internal/config/storage/postgres_config.go:43.46,45.21 2 0
pvz-cli/internal/config/storage/postgres_config.go:45.21,52.4 2 0
pvz-cli/internal/config/storage/postgres_config.go:54.3,60.30 2 0
pvz-cli/internal/config/storage/postgres_config.go:62.2,62.86 1 0
pvz-cli/internal/config/storage/postgres_config.go:65.64,70.2 1 0
pvz-cli/internal/config/storage/storage.go:15.81,17.2 1 0
pvz-cli/internal/config/storage/storage.go:20.91,21.48 1 0
pvz-cli/internal/config/storage/storage.go:21.48,23.3 1 0
pvz-cli/internal/config/storage/storage.go:24.2,24.58 1 0
pvz-cli/internal/config/storage/storage.go:28.56,29.12 1 0
pvz-cli/internal/config/storage/storage.go:30.9,31.53 1 0
pvz-cli/internal/config/storage/storage.go:32.10,34.49 2 0
pvz-cli/internal/config/storage/storage.go:34.49,36.4 1 0
pvz-cli/internal/config/storage/storage.go:37.3,37.60 1 0
pvz-cli/internal/handler/middleware/cors.go:5.49,6.71 1 0
pvz-cli/internal/handler/middleware/cors.go:6.71,10.28 4 0
pvz-cli/internal/handler/middleware/cors.go:10.28,13.4 2 0
pvz-cli/internal/handler/middleware/cors.go:14.3,14.23 1 0
pvz-cli/internal/handler/middleware/rate_limit.go:12.78,18.25 1 0
pvz-cli/internal/handler/middleware/rate_limit.go:18.25,19.23 1 0
pvz-cli/internal/handler/middleware/rate_limit.go:19.23,21.4 1 0
pvz-cli/internal/handler/middleware/rate_limit.go:23.3,23.27 1 0
pvz-cli/internal/infrastructure/kafka/option.go:10.83,11.37 1 0
pvz-cli/internal/infrastructure/kafka/option.go:11.37,12.48 1 0
pvz-cli/internal/infrastructure/kafka/option.go:12.48,12.65 1 0
pvz-cli/internal/infrastructure/kafka/option.go:13.3,13.38 1 0
pvz-cli/internal/infrastructure/kafka/option.go:19.54,20.29 1 0
pvz-cli/internal/infrastructure/kafka/option.go:20.29,22.3 1 0
pvz-cli/internal/handler/accept_order.go:17.33,18.16 1 0
pvz-cli/internal/handler/accept_order.go:18.16,20.3 1 0
pvz-cli/internal/handler/accept_order.go:21.2,21.39 1 0
pvz-cli/internal/handler/accept_order.go:21.39,23.3 1 0
pvz-cli/internal/handler/accept_order.go:25.2,26.16 2 0
pvz-cli/internal/handler/accept_order.go:26.16,27.53 1 0
pvz-cli/internal/handler/accept_order.go:27.53,29.4 1 0
pvz-cli/internal/handler/accept_order.go:30.3,30.60 1 0
pvz-cli/internal/handler/accept_order.go:33.2,38.44 2 0
pvz-cli/internal/handler/accept_order.go:38.44,49.4 2 0
pvz-cli/internal/handler/accept_order.go:52.2,52.9 1 0
pvz-cli/internal/handler/accept_order.go:53.20,54.66 1 0
pvz-cli/internal/handler/accept_order.go:56.20,57.19 1 0
pvz-cli/internal/handler/accept_order.go:57.19,62.56 2 0
pvz-cli/internal/handler/accept_order.go:62.56,64.5 1 0
pvz-cli/internal/handler/accept_order.go:65.4,66.55 2 0
pvz-cli/internal/handler/accept_order.go:69.3,72.9 1 0
pvz-cli/internal/handler/admin_server.go:19.59,21.2 1 0
pvz-cli/internal/handler/admin_server.go:23.68,25.2 1 0
pvz-cli/internal/handler/admin_server.go:27.107,28.42 1 0
pvz-cli/internal/handler/admin_server.go:28.42,30.3 1 0
pvz-cli/internal/handler/admin_server.go:32.2,33.30 2 0
pvz-cli/internal/handler/get_history.go:17.36,18.16 1 0
pvz-cli/internal/handler/get_history.go:18.16,19.40 1 0
pvz-cli/internal/handler/get_history.go:19.40,21.4 1 0
pvz-cli/internal/handler/get_history.go:24.2,31.44 3 0
pvz-cli/internal/handler/get_history.go:31.44,33.18 2 0
pvz-cli/internal/handler/get_history.go:33.18,35.5 1 0
pvz-cli/internal/handler/get_history.go:37.4,38.36 2 0
pvz-cli/internal/handler/get_history.go:38.36,40.22 2 0
pvz-cli/internal/handler/get_history.go:40.22,42.6 1 0
pvz-cli/internal/handler/get_history.go:43.5,43.39 1 0
pvz-cli/internal/handler/get_history.go:45.4,45.25 1 0
pvz-cli/internal/handler/get_history.go:49.2,49.9 1 0
pvz-cli/internal/handler/get_history.go:50.20,51.66 1 0
pvz-cli/internal/handler/get_history.go:53.20,54.19 1 0
pvz-cli/internal/handler/get_history.go:54.19,59.56 2 0
pvz-cli/internal/handler/get_history.go:59.56,61.5 1 0
pvz-cli/internal/handler/get_history.go:62.4,62.72 1 0
pvz-cli/internal/handler/get_history.go:65.3,67.9 1 0
pvz-cli/internal/handler/import_orders.go:18.32,19.16 1 0
pvz-cli/internal/handler/import_orders.go:19.16,21.3 1 0
pvz-cli/internal/handler/import_orders.go:22.2,22.39 1 0
pvz-cli/internal/handler/import_orders.go:22.39,24.3 1 0
pvz-cli/internal/handler/import_orders.go:26.2,31.44 2 0
pvz-cli/internal/handler/import_orders.go:31.44,34.33 2 0
pvz-cli/internal/handler/import_orders.go:34.33,36.22 2 0
pvz-cli/internal/handler/import_orders.go:36.22,38.6 1 0
pvz-cli/internal/handler/import_orders.go:39.5,39.39 1 0
pvz-cli/internal/handler/import_orders.go:42.4,43.18 2 0
pvz-cli/internal/handler/import_orders.go:43.18,45.5 1 0
pvz-cli/internal/handler/import_orders.go:46.4,46.21 1 0
pvz-cli/internal/handler/import_orders.go:50.2,50.9 1 0
pvz-cli/internal/handler/import_orders.go:51.20,52.66 1 0
pvz-cli/internal/handler/import_orders.go:54.20,55.19 1 0
pvz-cli/internal/handler/import_orders.go:55.19,60.56 2 0
pvz-cli/internal/handler/import_orders.go:60.56,62.5 1 0
pvz-cli/internal/handler/import_orders.go:63.4,63.72 1 0
pvz-cli/internal/handler/import_orders.go:66.3,68.9 1 0
pvz-cli/internal/handler/list_orders.go:18.30,19.16 1 0
pvz-cli/internal/handler/list_orders.go:19.16,21.3 1 0
pvz-cli/internal/handler/list_orders.go:22.2,22.39 1 0
pvz-cli/internal/handler/list_orders.go:22.39,24.3 1 0
pvz-cli/internal/handler/list_orders.go:26.2,27.22 2 0
pvz-cli/internal/handler/list_orders.go:27.22,29.3 1 0
pvz-cli/internal/handler/list_orders.go:30.2,39.44 5 0
pvz-cli/internal/handler/list_orders.go:39.44,44.18 2 0
pvz-cli/internal/handler/list_orders.go:44.18,46.5 1 0
pvz-cli/internal/handler/list_orders.go:48.4,49.35 2 0
pvz-cli/internal/handler/list_orders.go:49.35,51.22 2 0
pvz-cli/internal/handler/list_orders.go:51.22,53.6 1 0
pvz-cli/internal/handler/list_orders.go:54.5,54.37 1 0
pvz-cli/internal/handler/list_orders.go:57.4,60.27 1 0
pvz-cli/internal/handler/list_orders.go:64.2,64.9 1 0
pvz-cli/internal/handler/list_orders.go:65.20,66.66 1 0
pvz-cli/internal/handler/list_orders.go:68.20,69.19 1 0
pvz-cli/internal/handler/list_orders.go:69.19,77.4 2 0
pvz-cli/internal/handler/list_orders.go:79.3,87.9 2 0
pvz-cli/internal/handler/list_returns.go:17.31,18.16 1 0
pvz-cli/internal/handler/list_returns.go:18.16,19.40 1 0
pvz-cli/internal/handler/list_returns.go:19.40,21.4 1 0
pvz-cli/internal/handler/list_returns.go:24.2,31.44 3 0
pvz-cli/internal/handler/list_returns.go:31.44,34.18 2 0
pvz-cli/internal/handler/list_returns.go:34.18,36.5 1 0
pvz-cli/internal/handler/list_returns.go:38.4,39.36 2 0
pvz-cli/internal/handler/list_returns.go:39.36,41.22 2 0
pvz-cli/internal/handler/list_returns.go:41.22,43.6 1 0
pvz-cli/internal/handler/list_returns.go:44.5,44.39 1 0
pvz-cli/internal/handler/list_returns.go:46.4,46.25 1 0
pvz-cli/internal/handler/list_returns.go:50.2,50.9 1 0
pvz-cli/internal/handler/list_returns.go:51.20,52.66 1 0
pvz-cli/internal/handler/list_returns.go:54.20,55.19 1 0
pvz-cli/internal/handler/list_returns.go:55.19,60.56 2 0
pvz-cli/internal/handler/list_returns.go:60.56,62.5 1 0
pvz-cli/internal/handler/list_returns.go:63.4,63.72 1 0
pvz-cli/internal/handler/list_returns.go:66.3,68.9 1 0
pvz-cli/internal/handler/order_server.go:19.104,25.2 1 0
pvz-cli/internal/handler/order_server.go:27.108,29.2 1 0
pvz-cli/internal/handler/process_orders.go:18.33,19.16 1 0
pvz-cli/internal/handler/process_orders.go:19.16,21.3 1 0
pvz-cli/internal/handler/process_orders.go:22.2,22.39 1 0
pvz-cli/internal/handler/process_orders.go:22.39,24.3 1 0
pvz-cli/internal/handler/process_orders.go:26.2,29.34 3 0
pvz-cli/internal/handler/process_orders.go:29.34,31.3 1 0
pvz-cli/internal/handler/process_orders.go:33.2,34.53 1 0
pvz-cli/internal/handler/process_orders.go:34.53,36.3 1 0
pvz-cli/internal/handler/process_orders.go:38.2,43.44 2 0
pvz-cli/internal/handler/process_orders.go:43.44,50.22 2 0
pvz-cli/internal/handler/process_orders.go:51.44,52.49 1 0
pvz-cli/internal/handler/process_orders.go:53.45,54.58 1 0
pvz-cli/internal/handler/process_orders.go:56.4,56.18 1 0
pvz-cli/internal/handler/process_orders.go:56.18,58.5 1 0
pvz-cli/internal/handler/process_orders.go:60.4,60.63 1 0
pvz-cli/internal/handler/process_orders.go:64.2,64.9 1 0
pvz-cli/internal/handler/process_orders.go:65.20,66.66 1 0
pvz-cli/internal/handler/process_orders.go:68.20,69.19 1 0
pvz-cli/internal/handler/process_orders.go:69.19,75.56 2 0
pvz-cli/internal/handler/process_orders.go:75.56,77.5 1 0
pvz-cli/internal/handler/process_orders.go:78.4,78.72 1 0
pvz-cli/internal/handler/process_orders.go:81.3,81.43 1 0
pvz-cli/internal/handler/report_handler.go:20.64,22.2 1 0
pvz-cli/internal/handler/report_handler.go:24.66,27.16 3 0
pvz-cli/internal/handler/report_handler.go:27.16,35.3 3 0
pvz-cli/internal/handler/report_handler.go:37.2,41.27 4 0
pvz-cli/internal/handler/return_order.go:19.33,20.16 1 0
pvz-cli/internal/handler/return_order.go:20.16,22.3 1 0
pvz-cli/internal/handler/return_order.go:23.2,23.39 1 0
pvz-cli/internal/handler/return_order.go:23.39,25.3 1 0
pvz-cli/internal/handler/return_order.go:27.2,34.44 3 0
pvz-cli/internal/handler/return_order.go:34.44,36.56 1 0
pvz-cli/internal/handler/return_order.go:36.56,38.5 1 0
pvz-cli/internal/handler/return_order.go:40.4,43.5 1 0
pvz-cli/internal/handler/return_order.go:47.2,47.9 1 0
pvz-cli/internal/handler/return_order.go:48.20,49.66 1 0
pvz-cli/internal/handler/return_order.go:51.20,52.19 1 0
pvz-cli/internal/handler/return_order.go:52.19,57.56 2 0
pvz-cli/internal/handler/return_order.go:57.56,59.5 1 0
pvz-cli/internal/handler/return_order.go:60.4,60.72 1 0
pvz-cli/internal/handler/return_order.go:63.3,63.43 1 0
pvz-cli/internal/infrastructure/kafka/consumer/cfg.go:23.49,24.25 1 0
pvz-cli/internal/infrastructure/kafka/consumer/cfg.go:24.25,26.3 1 0
pvz-cli/internal/infrastructure/kafka/consumer/cfg.go:27.2,27.19 1 0
pvz-cli/internal/infrastructure/kafka/consumer/cfg.go:27.19,29.3 1 0
pvz-cli/internal/infrastructure/kafka/consumer/cfg.go:31.2,41.21 2 0
pvz-cli/internal/infrastructure/kafka/consumer/cfg.go:41.21,43.3 1 0
pvz-cli/internal/infrastructure/kafka/consumer/cfg.go:46.2,47.23 2 0
pvz-cli/internal/infrastructure/kafka/consumer/cfg.go:48.20,49.32 1 0
pvz-cli/internal/infrastructure/kafka/consumer/cfg.go:50.18,51.34 1 0
pvz-cli/internal/infrastructure/kafka/consumer/cfg.go:52.10,53.68 1 0
pvz-cli/internal/infrastructure/kafka/consumer/cfg.go:55.2,61.18 2 0
pvz-cli/internal/infrastructure/kafka/consumer/cfg.go:61.18,63.31 2 0
pvz-cli/internal/infrastructure/kafka/consumer/cfg.go:63.31,65.4 1 0
pvz-cli/internal/infrastructure/kafka/consumer/cfg.go:66.8,68.3 1 0
pvz-cli/internal/infrastructure/kafka/consumer/cfg.go:70.2,70.18 1 0
pvz-cli/internal/infrastructure/kafka/consumer/consumer.go:20.89,21.23 1 0
pvz-cli/internal/infrastructure/kafka/consumer/consumer.go:21.23,23.3 1 0
pvz-cli/internal/infrastructure/kafka/consumer/consumer.go:24.2,25.16 2 0
pvz-cli/internal/infrastructure/kafka/consumer/consumer.go:25.16,27.3 1 0
pvz-cli/internal/infrastructure/kafka/consumer/consumer.go:28.2,28.27 1 0
pvz-cli/internal/infrastructure/kafka/consumer/consumer.go:28.27,30.3 1 0
pvz-cli/internal/infrastructure/kafka/consumer/consumer.go:31.2,32.16 2 0
pvz-cli/internal/infrastructure/kafka/consumer/consumer.go:32.16,34.3 1 0
pvz-cli/internal/infrastructure/kafka/consumer/consumer.go:35.2,35.48 1 0
pvz-cli/internal/infrastructure/kafka/consumer/consumer.go:39.51,40.6 1 0
pvz-cli/internal/infrastructure/kafka/consumer/consumer.go:40.6,43.57 2 0
pvz-cli/internal/infrastructure/kafka/consumer/consumer.go:43.57,45.4 1 0
pvz-cli/internal/infrastructure/kafka/consumer/consumer.go:47.3,47.44 1 0
pvz-cli/internal/infrastructure/kafka/consumer/consumer.go:47.44,48.46 1 0
pvz-cli/internal/infrastructure/kafka/consumer/consumer.go:48.46,51.5 2 0
pvz-cli/internal/infrastructure/kafka/consumer/consumer.go:53.4,53.35 1 0
pvz-cli/internal/infrastructure/kafka/consumer/consumer.go:59.28,59.48 1 0
pvz-cli/internal/infrastructure/kafka/consumer/group.go:26.47,28.23 1 0
pvz-cli/internal/infrastructure/kafka/consumer/group.go:28.23,30.3 1 0
pvz-cli/internal/infrastructure/kafka/consumer/group.go:32.2,33.16 2 0
pvz-cli/internal/infrastructure/kafka/consumer/group.go:33.16,35.3 1 0
pvz-cli/internal/infrastructure/kafka/consumer/group.go:38.2,38.23 1 0
pvz-cli/internal/infrastructure/kafka/consumer/group.go:38.23,40.67 1 0
pvz-cli/internal/infrastructure/kafka/consumer/group.go:40.67,42.5 1 0
pvz-cli/internal/infrastructure/kafka/consumer/group.go:44.2,44.23 1 0
pvz-cli/internal/infrastructure/kafka/consumer/group.go:44.23,46.67 1 0
pvz-cli/internal/infrastructure/kafka/consumer/group.go:46.67,48.5 1 0
pvz-cli/internal/infrastructure/kafka/consumer/group.go:50.2,50.21 1 0
pvz-cli/internal/infrastructure/kafka/consumer/group.go:50.21,52.67 1 0
pvz-cli/internal/infrastructure/kafka/consumer/group.go:52.67,54.5 1 0
pvz-cli/internal/infrastructure/kafka/consumer/group.go:57.2,57.27 1 0
pvz-cli/internal/infrastructure/kafka/consumer/group.go:57.27,59.3 1 0
pvz-cli/internal/infrastructure/kafka/consumer/group.go:61.2,62.16 2 0
pvz-cli/internal/infrastructure/kafka/consumer/group.go:62.16,64.3 1 0
pvz-cli/internal/infrastructure/kafka/consumer/group.go:65.2,65.39 1 0
pvz-cli/internal/infrastructure/kafka/consumer/group.go:69.48,70.6 1 0
pvz-cli/internal/infrastructure/kafka/consumer/group.go:70.6,73.57 2 0
pvz-cli/internal/infrastructure/kafka/consumer/group.go:73.57,75.4 1 0
pvz-cli/internal/infrastructure/kafka/consumer/group.go:77.3,77.44 1 0
pvz-cli/internal/infrastructure/kafka/consumer/group.go:77.44,78.62 1 0
pvz-cli/internal/infrastructure/kafka/consumer/group.go:78.62,80.5 1 0
pvz-cli/internal/infrastructure/kafka/consumer/group.go:85.25,85.45 1 0
pvz-cli/internal/infrastructure/kafka/consumer/util.go:6.49,7.22 1 0
pvz-cli/internal/infrastructure/kafka/consumer/util.go:7.22,8.25 1 0
pvz-cli/internal/infrastructure/kafka/consumer/util.go:8.25,10.4 1 0
pvz-cli/internal/infrastructure/kafka/consumer/util.go:12.2,12.12 1 0
pvz-cli/internal/infrastructure/kafka/codec/codec.go:15.54,15.80 1 0
pvz-cli/internal/infrastructure/kafka/codec/codec.go:16.54,16.88 1 0
pvz-cli/internal/infrastructure/kafka/codec/codec.go:17.54,17.80 1 0
pvz-cli/internal/infrastructure/kafka/producer/async.go:15.88,17.16 2 0
pvz-cli/internal/infrastructure/kafka/producer/async.go:17.16,19.3 1 0
pvz-cli/internal/infrastructure/kafka/producer/async.go:20.2,20.27 1 0
pvz-cli/internal/infrastructure/kafka/producer/async.go:20.27,22.3 1 0
pvz-cli/internal/infrastructure/kafka/producer/async.go:23.2,24.16 2 0
pvz-cli/internal/infrastructure/kafka/producer/async.go:24.16,26.3 1 0
pvz-cli/internal/infrastructure/kafka/producer/async.go:27.2,27.72 1 0
pvz-cli/internal/infrastructure/kafka/producer/async.go:30.76,32.24 2 0
pvz-cli/internal/infrastructure/kafka/producer/async.go:32.24,34.3 1 0
pvz-cli/internal/infrastructure/kafka/producer/async.go:35.2,35.77 1 0
pvz-cli/internal/infrastructure/kafka/producer/async.go:35.77,36.35 1 0
pvz-cli/internal/infrastructure/kafka/producer/async.go:36.35,38.4 1 0
pvz-cli/internal/infrastructure/kafka/producer/async.go:42.58,42.88 1 0
pvz-cli/internal/infrastructure/kafka/producer/async.go:45.58,46.44 1 0
pvz-cli/internal/infrastructure/kafka/producer/async.go:46.44,48.3 1 0
pvz-cli/internal/infrastructure/kafka/producer/async.go:49.2,50.20 2 0
pvz-cli/internal/infrastructure/kafka/producer/async.go:50.20,52.3 1 0
pvz-cli/internal/infrastructure/kafka/producer/async.go:53.2,53.12 1 0
pvz-cli/internal/infrastructure/kafka/producer/cfg.go:22.49,23.25 1 0
pvz-cli/internal/infrastructure/kafka/producer/cfg.go:23.25,25.3 1 0
pvz-cli/internal/infrastructure/kafka/producer/cfg.go:27.2,37.19 2 0
pvz-cli/internal/infrastructure/kafka/producer/cfg.go:37.19,39.3 1 0
pvz-cli/internal/infrastructure/kafka/producer/cfg.go:42.2,42.24 1 0
pvz-cli/internal/infrastructure/kafka/producer/cfg.go:43.20,44.57 1 0
pvz-cli/internal/infrastructure/kafka/producer/cfg.go:45.13,46.58 1 0
pvz-cli/internal/infrastructure/kafka/producer/cfg.go:47.14,50.19 2 0
pvz-cli/internal/infrastructure/kafka/producer/cfg.go:50.19,52.4 1 0
pvz-cli/internal/infrastructure/kafka/producer/cfg.go:53.3,53.24 1 0
pvz-cli/internal/infrastructure/kafka/producer/cfg.go:53.24,55.4 1 0
pvz-cli/internal/infrastructure/kafka/producer/cfg.go:56.10,57.70 1 0
pvz-cli/internal/infrastructure/kafka/producer/cfg.go:60.2,60.19 1 0
pvz-cli/internal/infrastructure/kafka/producer/cfg.go:60.19,62.3 1 0
pvz-cli/internal/infrastructure/kafka/producer/cfg.go:65.2,65.23 1 0
pvz-cli/internal/infrastructure/kafka/producer/cfg.go:66.20,67.76 1 0
pvz-cli/internal/infrastructure/kafka/producer/cfg.go:68.20,69.74 1 0
pvz-cli/internal/infrastructure/kafka/producer/cfg.go:70.16,71.70 1 0
pvz-cli/internal/infrastructure/kafka/producer/cfg.go:72.10,73.67 1 0
pvz-cli/internal/infrastructure/kafka/producer/cfg.go:77.2,77.23 1 0
pvz-cli/internal/infrastructure/kafka/producer/cfg.go:78.18,78.18 0 0
pvz-cli/internal/infrastructure/kafka/producer/cfg.go:79.14,80.75 1 0
pvz-cli/internal/infrastructure/kafka/producer/cfg.go:81.16,82.77 1 0
pvz-cli/internal/infrastructure/kafka/producer/cfg.go:83.13,84.74 1 0
pvz-cli/internal/infrastructure/kafka/producer/cfg.go:85.14,86.75 1 0
pvz-cli/internal/infrastructure/kafka/producer/cfg.go:87.10,88.67 1 0
pvz-cli/internal/infrastructure/kafka/producer/cfg.go:92.2,92.25 1 0
pvz-cli/internal/infrastructure/kafka/producer/cfg.go:92.25,94.3 1 0
pvz-cli/internal/infrastructure/kafka/producer/cfg.go:95.2,95.20 1 0
pvz-cli/internal/infrastructure/kafka/producer/cfg.go:95.20,97.3 1 0
pvz-cli/internal/infrastructure/kafka/producer/cfg.go:100.2,100.23 1 0
pvz-cli/internal/infrastructure/kafka/producer/cfg.go:100.23,102.3 1 0
pvz-cli/internal/infrastructure/kafka/producer/cfg.go:104.2,104.18 1 0
pvz-cli/internal/infrastructure/kafka/producer/producer.go:13.78,15.16 2 0
pvz-cli/internal/infrastructure/kafka/producer/producer.go:15.16,17.3 1 0
pvz-cli/internal/infrastructure/kafka/producer/producer.go:18.2,18.27 1 0
pvz-cli/internal/infrastructure/kafka/producer/producer.go:18.27,20.3 1 0
pvz-cli/internal/infrastructure/kafka/producer/producer.go:21.2,22.16 2 0
pvz-cli/internal/infrastructure/kafka/producer/producer.go:22.16,24.3 1 0
pvz-cli/internal/infrastructure/kafka/producer/producer.go:25.2,25.36 1 0
pvz-cli/internal/infrastructure/kafka/producer/producer.go:29.95,31.2 1 0
pvz-cli/internal/infrastructure/kafka/producer/producer.go:35.51,38.24 2 0
pvz-cli/internal/infrastructure/kafka/producer/producer.go:38.24,40.3 1 0
pvz-cli/internal/infrastructure/kafka/producer/producer.go:42.2,42.50 1 0
pvz-cli/internal/infrastructure/kafka/producer/producer.go:45.53,47.2 1 0
pvz-cli/internal/infrastructure/kafka/producer/producer.go:49.28,51.2 1 0
pvz-cli/internal/handler/mappers/order.go:12.69,13.14 1 0
pvz-cli/internal/handler/mappers/order.go:13.14,15.3 1 0
pvz-cli/internal/handler/mappers/order.go:17.2,18.16 2 0
pvz-cli/internal/handler/mappers/order.go:18.16,20.3 1 0
pvz-cli/internal/handler/mappers/order.go:21.2,22.16 2 0
pvz-cli/internal/handler/mappers/order.go:22.16,24.3 1 0
pvz-cli/internal/handler/mappers/order.go:26.2,40.8 4 0
pvz-cli/internal/handler/mappers/order_history.go:12.97,13.14 1 0
pvz-cli/internal/handler/mappers/order_history.go:13.14,15.3 1 0
pvz-cli/internal/handler/mappers/order_history.go:17.2,18.16 2 0
pvz-cli/internal/handler/mappers/order_history.go:18.16,20.3 1 0
pvz-cli/internal/handler/mappers/order_history.go:22.2,28.8 2 0
pvz-cli/internal/handler/mappers/order_import.go:11.88,12.16 1 0
pvz-cli/internal/handler/mappers/order_import.go:12.16,14.3 1 0
pvz-cli/internal/handler/mappers/order_import.go:16.2,16.22 1 0
pvz-cli/internal/handler/mappers/order_import.go:16.22,18.3 1 0
pvz-cli/internal/handler/mappers/order_import.go:19.2,19.21 1 0
pvz-cli/internal/handler/mappers/order_import.go:19.21,21.3 1 0
pvz-cli/internal/handler/mappers/order_import.go:22.2,22.26 1 0
pvz-cli/internal/handler/mappers/order_import.go:22.26,24.3 1 0
pvz-cli/internal/handler/mappers/order_import.go:25.2,25.21 1 0
pvz-cli/internal/handler/mappers/order_import.go:25.21,27.3 1 0
pvz-cli/internal/handler/mappers/order_import.go:28.2,28.20 1 0
pvz-cli/internal/handler/mappers/order_import.go:28.20,30.3 1 0
pvz-cli/internal/handler/mappers/order_import.go:32.2,43.24 8 0
pvz-cli/internal/handler/mappers/order_import.go:43.24,45.3 1 0
pvz-cli/internal/handler/mappers/order_import.go:47.2,58.8 2 0
pvz-cli/internal/handler/mappers/order_response.go:9.87,10.19 1 0
pvz-cli/internal/handler/mappers/order_response.go:10.19,12.3 1 0
pvz-cli/internal/handler/mappers/order_response.go:13.2,14.16 2 0
pvz-cli/internal/handler/mappers/order_response.go:14.16,16.3 1 0
pvz-cli/internal/handler/mappers/order_response.go:18.2,19.18 2 0
pvz-cli/internal/handler/mappers/order_response.go:19.18,20.54 1 0
pvz-cli/internal/handler/mappers/order_response.go:20.54,22.4 1 0
pvz-cli/internal/handler/mappers/order_response.go:22.9,24.4 1 0
pvz-cli/internal/handler/mappers/order_response.go:27.2,30.8 1 0
pvz-cli/internal/handler/mappers/pagination.go:8.65,9.14 1 0
pvz-cli/internal/handler/mappers/pagination.go:9.14,11.3 1 0
pvz-cli/internal/handler/mappers/pagination.go:12.2,15.3 1 0
pvz-cli/internal/handler/mappers/process_result.go:9.101,10.19 1 0
pvz-cli/internal/handler/mappers/process_result.go:10.19,12.3 1 0
pvz-cli/internal/handler/mappers/process_result.go:14.2,17.38 3 0
pvz-cli/internal/handler/mappers/process_result.go:17.38,19.17 2 0
pvz-cli/internal/handler/mappers/process_result.go:19.17,21.4 1 0
pvz-cli/internal/handler/mappers/process_result.go:22.3,22.22 1 0
pvz-cli/internal/handler/mappers/process_result.go:22.22,24.4 1 0
pvz-cli/internal/handler/mappers/process_result.go:24.9,26.4 1 0
pvz-cli/internal/handler/mappers/process_result.go:29.2,32.8 1 0
pvz-cli/internal/handler/mappers/return_record.go:12.97,13.14 1 0
pvz-cli/internal/handler/mappers/return_record.go:13.14,15.3 1 0
pvz-cli/internal/handler/mappers/return_record.go:17.2,18.16 2 0
pvz-cli/internal/handler/mappers/return_record.go:18.16,20.3 1 0
pvz-cli/internal/handler/mappers/return_record.go:21.2,22.16 2 0
pvz-cli/internal/handler/mappers/return_record.go:22.16,24.3 1 0
pvz-cli/internal/handler/mappers/return_record.go:26.2,30.8 1 0
pvz-cli/internal/handler/mappers/types.go:8.67,9.11 1 0
pvz-cli/internal/handler/mappers/types.go:10.42,11.27 1 0
pvz-cli/internal/handler/mappers/types.go:12.42,13.27 1 0
pvz-cli/internal/handler/mappers/types.go:14.43,15.28 1 0
pvz-cli/internal/handler/mappers/types.go:16.47,17.31 1 0
pvz-cli/internal/handler/mappers/types.go:18.47,19.31 1 0
pvz-cli/internal/handler/mappers/types.go:20.10,21.28 1 0
pvz-cli/internal/handler/mappers/types.go:25.67,26.11 1 0
pvz-cli/internal/handler/mappers/types.go:27.25,28.44 1 0
pvz-cli/internal/handler/mappers/types.go:29.25,30.44 1 0
pvz-cli/internal/handler/mappers/types.go:31.26,32.45 1 0
pvz-cli/internal/handler/mappers/types.go:33.29,34.49 1 0
pvz-cli/internal/handler/mappers/types.go:35.29,36.49 1 0
pvz-cli/internal/handler/mappers/types.go:37.10,38.52 1 0
pvz-cli/internal/handler/mappers/types.go:42.71,43.11 1 0
pvz-cli/internal/handler/mappers/types.go:44.46,45.31 1 0
pvz-cli/internal/handler/mappers/types.go:46.47,47.29 1 0
pvz-cli/internal/handler/mappers/types.go:48.47,49.31 1 0
pvz-cli/internal/handler/mappers/types.go:50.46,51.30 1 0
pvz-cli/internal/handler/mappers/types.go:52.10,53.12 1 0
pvz-cli/internal/handler/mappers/types.go:57.71,58.11 1 0
pvz-cli/internal/handler/mappers/types.go:59.29,60.48 1 0
pvz-cli/internal/handler/mappers/types.go:61.27,62.49 1 0
pvz-cli/internal/handler/mappers/types.go:63.29,64.49 1 0
pvz-cli/internal/handler/mappers/types.go:65.28,66.48 1 0
pvz-cli/internal/handler/mappers/types.go:67.10,68.52 1 0
pvz-cli/internal/repository/storage/postgres/helpers.go:13.28,20.2 1 0
pvz-cli/internal/repository/storage/postgres/helpers.go:23.66,27.15 3 0
pvz-cli/internal/repository/storage/postgres/helpers.go:27.15,29.3 1 0
pvz-cli/internal/repository/storage/postgres/helpers.go:30.2,30.54 1 0
pvz-cli/internal/repository/storage/postgres/helpers.go:34.35,36.9 2 0
pvz-cli/internal/repository/storage/postgres/helpers.go:36.9,38.3 1 0
pvz-cli/internal/repository/storage/postgres/helpers.go:39.2,39.63 1 0
pvz-cli/internal/repository/storage/postgres/helpers.go:42.43,43.14 1 0
pvz-cli/internal/repository/storage/postgres/helpers.go:43.14,45.3 1 0
pvz-cli/internal/repository/storage/postgres/helpers.go:46.2,46.36 1 0
pvz-cli/internal/repository/storage/postgres/helpers.go:50.81,51.15 1 0
pvz-cli/internal/repository/storage/postgres/helpers.go:51.15,54.3 2 0
pvz-cli/internal/repository/storage/postgres/helpers.go:55.2,55.23 1 0
pvz-cli/internal/repository/storage/postgres/helpers.go:55.23,57.3 1 0
pvz-cli/internal/repository/storage/postgres/helpers.go:59.2,59.18 1 0
pvz-cli/internal/repository/storage/postgres/helpers.go:59.18,61.3 1 0
pvz-cli/internal/repository/storage/postgres/helpers.go:62.2,62.19 1 0
pvz-cli/internal/repository/storage/postgres/helpers.go:62.19,64.3 1 0
pvz-cli/internal/repository/storage/postgres/helpers.go:65.2,67.74 3 0
pvz-cli/internal/repository/storage/postgres/helpers.go:71.57,75.18 3 0
pvz-cli/internal/repository/storage/postgres/helpers.go:75.18,81.17 2 0
pvz-cli/internal/repository/storage/postgres/helpers.go:81.17,83.4 1 0
pvz-cli/internal/repository/storage/postgres/helpers.go:84.3,84.24 1 0
pvz-cli/internal/repository/storage/postgres/helpers.go:86.2,86.17 1 0
pvz-cli/internal/repository/storage/postgres/helpers.go:90.71,94.18 3 0
pvz-cli/internal/repository/storage/postgres/helpers.go:94.18,96.76 2 0
pvz-cli/internal/repository/storage/postgres/helpers.go:96.76,98.4 1 0
pvz-cli/internal/repository/storage/postgres/helpers.go:99.3,99.25 1 0
pvz-cli/internal/repository/storage/postgres/helpers.go:101.2,101.17 1 0
pvz-cli/internal/repository/storage/postgres/helpers.go:105.71,109.18 3 0
pvz-cli/internal/repository/storage/postgres/helpers.go:109.18,111.70 2 0
pvz-cli/internal/repository/storage/postgres/helpers.go:111.70,113.4 1 0
pvz-cli/internal/repository/storage/postgres/helpers.go:114.3,114.25 1 0
pvz-cli/internal/repository/storage/postgres/helpers.go:116.2,116.17 1 0
pvz-cli/internal/repository/storage/postgres/helpers.go:120.69,121.18 1 0
pvz-cli/internal/repository/storage/postgres/helpers.go:121.18,123.3 1 0
pvz-cli/internal/repository/storage/postgres/helpers.go:124.2,124.19 1 0
pvz-cli/internal/repository/storage/postgres/helpers.go:124.19,126.3 1 0
pvz-cli/internal/repository/storage/postgres/helpers.go:127.2,130.21 4 0
pvz-cli/internal/repository/storage/postgres/history_and_returns_repo.go:15.96,19.2 1 0
pvz-cli/internal/repository/storage/postgres/history_and_returns_repo.go:57.35,66.16 5 0
pvz-cli/internal/repository/storage/postgres/history_and_returns_repo.go:66.16,69.3 1 0
pvz-cli/internal/repository/storage/postgres/history_and_returns_repo.go:70.2,71.16 2 0
pvz-cli/internal/repository/storage/postgres/history_and_returns_repo.go:71.16,74.3 1 0
pvz-cli/internal/repository/storage/postgres/history_and_returns_repo.go:75.2,75.21 1 0
pvz-cli/internal/repository/storage/postgres/history_and_returns_repo.go:81.35,91.16 5 0
pvz-cli/internal/repository/storage/postgres/history_and_returns_repo.go:91.16,94.3 1 0
pvz-cli/internal/repository/storage/postgres/history_and_returns_repo.go:95.2,96.16 2 0
pvz-cli/internal/repository/storage/postgres/history_and_returns_repo.go:96.16,99.3 1 0
pvz-cli/internal/repository/storage/postgres/history_and_returns_repo.go:101.2,101.20 1 0
pvz-cli/internal/repository/storage/postgres/history_and_returns_repo.go:104.103,110.16 2 0
pvz-cli/internal/repository/storage/postgres/history_and_returns_repo.go:110.16,116.3 1 0
pvz-cli/internal/repository/storage/postgres/history_and_returns_repo.go:117.2,117.12 1 0
pvz-cli/internal/repository/storage/postgres/history_and_returns_repo.go:120.104,126.16 2 0
pvz-cli/internal/repository/storage/postgres/history_and_returns_repo.go:126.16,132.3 1 0
pvz-cli/internal/repository/storage/postgres/history_and_returns_repo.go:133.2,133.12 1 0
pvz-cli/internal/repository/storage/postgres/history_and_returns_repo.go:139.35,143.16 3 0
pvz-cli/internal/repository/storage/postgres/history_and_returns_repo.go:143.16,146.3 1 0
pvz-cli/internal/repository/storage/postgres/history_and_returns_repo.go:147.2,147.32 1 0
pvz-cli/internal/repository/storage/postgres/orders_repo.go:22.74,26.2 1 0
pvz-cli/internal/repository/storage/postgres/orders_repo.go:72.81,81.16 3 0
pvz-cli/internal/repository/storage/postgres/orders_repo.go:81.16,83.3 1 0
pvz-cli/internal/repository/storage/postgres/orders_repo.go:85.2,86.71 2 0
pvz-cli/internal/repository/storage/postgres/orders_repo.go:86.71,88.3 1 0
pvz-cli/internal/repository/storage/postgres/orders_repo.go:90.2,95.3 1 0
pvz-cli/internal/repository/storage/postgres/orders_repo.go:98.81,106.16 3 0
pvz-cli/internal/repository/storage/postgres/orders_repo.go:106.16,109.3 1 0
pvz-cli/internal/repository/storage/postgres/orders_repo.go:110.2,110.29 1 0
pvz-cli/internal/repository/storage/postgres/orders_repo.go:110.29,112.3 1 0
pvz-cli/internal/repository/storage/postgres/orders_repo.go:113.2,113.12 1 0
pvz-cli/internal/repository/storage/postgres/orders_repo.go:116.89,124.16 3 0
pvz-cli/internal/repository/storage/postgres/orders_repo.go:124.16,125.36 1 0
pvz-cli/internal/repository/storage/postgres/orders_repo.go:125.36,127.4 1 0
pvz-cli/internal/repository/storage/postgres/orders_repo.go:128.3,129.45 1 0
pvz-cli/internal/repository/storage/postgres/orders_repo.go:131.2,131.16 1 0
pvz-cli/internal/repository/storage/postgres/orders_repo.go:134.75,138.16 3 0
pvz-cli/internal/repository/storage/postgres/orders_repo.go:138.16,141.3 1 0
pvz-cli/internal/repository/storage/postgres/orders_repo.go:142.2,142.29 1 0
pvz-cli/internal/repository/storage/postgres/orders_repo.go:142.29,144.3 1 0
pvz-cli/internal/repository/storage/postgres/orders_repo.go:145.2,145.12 1 0
pvz-cli/internal/repository/storage/postgres/orders_repo.go:154.28,165.16 8 0
pvz-cli/internal/repository/storage/postgres/orders_repo.go:165.16,167.3 1 0
pvz-cli/internal/repository/storage/postgres/orders_repo.go:169.2,170.16 2 0
pvz-cli/internal/repository/storage/postgres/orders_repo.go:170.16,172.3 1 0
pvz-cli/internal/repository/storage/postgres/orders_repo.go:173.2,173.20 1 0
pvz-cli/internal/repository/storage/postgres/orders_repo.go:176.90,179.25 2 0
pvz-cli/internal/repository/storage/postgres/orders_repo.go:179.25,184.17 1 0
pvz-cli/internal/repository/storage/postgres/orders_repo.go:184.17,186.55 2 0
pvz-cli/internal/repository/storage/postgres/orders_repo.go:186.55,189.5 1 0
pvz-cli/internal/repository/storage/postgres/orders_repo.go:190.4,191.47 1 0
pvz-cli/internal/repository/storage/postgres/orders_repo.go:194.2,194.12 1 0
pvz-cli/internal/repository/storage/postgres/orders_repo.go:197.90,202.16 3 0
pvz-cli/internal/repository/storage/postgres/orders_repo.go:202.16,205.3 1 0
pvz-cli/internal/repository/storage/postgres/orders_repo.go:206.2,209.16 3 0
pvz-cli/internal/repository/storage/postgres/orders_repo.go:209.16,212.3 1 0
pvz-cli/internal/repository/storage/postgres/orders_repo.go:213.2,213.20 1 0
pvz-cli/internal/repository/storage/postgres/outbox_repo.go:17.74,19.2 1 0
pvz-cli/internal/repository/storage/postgres/outbox_repo.go:67.85,71.16 3 0
pvz-cli/internal/repository/storage/postgres/outbox_repo.go:71.16,74.3 1 0
pvz-cli/internal/repository/storage/postgres/outbox_repo.go:75.2,75.74 1 0
pvz-cli/internal/repository/storage/postgres/outbox_repo.go:75.74,78.3 1 0
pvz-cli/internal/repository/storage/postgres/outbox_repo.go:79.2,79.12 1 0
pvz-cli/internal/repository/storage/postgres/outbox_repo.go:82.105,86.16 3 0
pvz-cli/internal/repository/storage/postgres/outbox_repo.go:86.16,88.3 1 0
pvz-cli/internal/repository/storage/postgres/outbox_repo.go:89.2,92.18 3 0
pvz-cli/internal/repository/storage/postgres/outbox_repo.go:92.18,100.17 2 0
pvz-cli/internal/repository/storage/postgres/outbox_repo.go:100.17,102.4 1 0
pvz-cli/internal/repository/storage/postgres/outbox_repo.go:103.3,103.25 1 0
pvz-cli/internal/repository/storage/postgres/outbox_repo.go:105.2,105.17 1 0
pvz-cli/internal/repository/storage/postgres/outbox_repo.go:108.89,110.66 2 0
pvz-cli/internal/repository/storage/postgres/outbox_repo.go:110.66,112.3 1 0
pvz-cli/internal/repository/storage/postgres/outbox_repo.go:113.2,113.12 1 0
pvz-cli/internal/repository/storage/postgres/outbox_repo.go:116.103,118.72 2 0
pvz-cli/internal/repository/storage/postgres/outbox_repo.go:118.72,120.3 1 0
pvz-cli/internal/repository/storage/postgres/outbox_repo.go:121.2,121.12 1 0
pvz-cli/internal/repository/storage/postgres/outbox_repo.go:124.96,126.68 2 0
pvz-cli/internal/repository/storage/postgres/outbox_repo.go:126.68,128.3 1 0
pvz-cli/internal/repository/storage/postgres/outbox_repo.go:129.2,129.12 1 0
pvz-cli/internal/repository/storage/postgres/outbox_repo.go:132.87,134.66 2 0
pvz-cli/internal/repository/storage/postgres/outbox_repo.go:134.66,136.3 1 0
pvz-cli/internal/repository/storage/postgres/outbox_repo.go:137.2,137.12 1 0
pvz-cli/internal/domain/models/actor_type.go:10.33,12.2 1 1
pvz-cli/internal/domain/models/order_event.go:29.117,43.2 2 0
pvz-cli/internal/domain/models/order_event.go:54.39,55.9 1 1
pvz-cli/internal/domain/models/order_event.go:56.29,57.24 1 1
pvz-cli/internal/domain/models/order_event.go:58.42,59.29 1 1
pvz-cli/internal/domain/models/order_event.go:60.29,61.29 1 1
pvz-cli/internal/domain/models/order_event.go:62.28,63.29 1 1
pvz-cli/internal/domain/models/order_event.go:64.67,65.21 1 1
pvz-cli/internal/domain/models/order_event.go:66.49,67.30 1 1
pvz-cli/internal/domain/models/order_event.go:68.29,69.46 1 1
pvz-cli/internal/domain/models/order_event.go:70.10,71.13 1 1
pvz-cli/internal/domain/models/order_event.go:75.51,76.11 1 1
pvz-cli/internal/domain/models/order_event.go:77.21,78.25 1 1
pvz-cli/internal/domain/models/order_event.go:79.30,80.36 1 1
pvz-cli/internal/domain/models/order_event.go:81.19,82.23 1 1
pvz-cli/internal/domain/models/order_event.go:83.29,84.35 1 1
pvz-cli/internal/domain/models/order_event.go:85.10,86.15 1 1
pvz-cli/internal/domain/models/order_event_type.go:12.38,13.11 1 1
pvz-cli/internal/domain/models/order_event_type.go:14.81,15.14 1 1
pvz-cli/internal/domain/models/order_event_type.go:16.10,17.15 1 1
pvz-cli/internal/usecase/mock/history_and_returns_repo_mock.go:60.93,63.55 2 0
pvz-cli/internal/usecase/mock/history_and_returns_repo_mock.go:63.55,65.3 1 0
pvz-cli/internal/usecase/mock/history_and_returns_repo_mock.go:67.2,84.10 12 0
pvz-cli/internal/usecase/mock/history_and_returns_repo_mock.go:140.120,143.2 2 0
pvz-cli/internal/usecase/mock/history_and_returns_repo_mock.go:146.161,147.45 1 0
pvz-cli/internal/usecase/mock/history_and_returns_repo_mock.go:147.45,149.3 1 0
pvz-cli/internal/usecase/mock/history_and_returns_repo_mock.go:151.2,151.44 1 0
pvz-cli/internal/usecase/mock/history_and_returns_repo_mock.go:151.44,153.3 1 0
pvz-cli/internal/usecase/mock/history_and_returns_repo_mock.go:155.2,155.54 1 0
pvz-cli/internal/usecase/mock/history_and_returns_repo_mock.go:155.54,157.3 1 0
pvz-cli/internal/usecase/mock/history_and_returns_repo_mock.go:159.2,161.46 3 0
pvz-cli/internal/usecase/mock/history_and_returns_repo_mock.go:161.46,162.71 1 0
pvz-cli/internal/usecase/mock/history_and_returns_repo_mock.go:162.71,164.4 1 0
pvz-cli/internal/usecase/mock/history_and_returns_repo_mock.go:167.2,167.21 1 0
pvz-cli/internal/usecase/mock/history_and_returns_repo_mock.go:171.146,172.45 1 0
pvz-cli/internal/usecase/mock/history_and_returns_repo_mock.go:172.45,174.3 1 0
pvz-cli/internal/usecase/mock/history_and_returns_repo_mock.go:176.2,176.44 1 0
pvz-cli/internal/usecase/mock/history_and_returns_repo_mock.go:176.44,178.3 1 0
pvz-cli/internal/usecase/mock/history_and_returns_repo_mock.go:180.2,180.51 1 0
pvz-cli/internal/usecase/mock/history_and_returns_repo_mock.go:180.51,182.3 1 0
pvz-cli/internal/usecase/mock/history_and_returns_repo_mock.go:184.2,184.54 1 0
pvz-cli/internal/usecase/mock/history_and_returns_repo_mock.go:184.54,186.3 1 0
pvz-cli/internal/usecase/mock/history_and_returns_repo_mock.go:187.2,190.21 3 0
pvz-cli/internal/usecase/mock/history_and_returns_repo_mock.go:194.147,195.45 1 0
pvz-cli/internal/usecase/mock/history_and_returns_repo_mock.go:195.45,197.3 1 0
pvz-cli/internal/usecase/mock/history_and_returns_repo_mock.go:199.2,199.44 1 0
pvz-cli/internal/usecase/mock/history_and_returns_repo_mock.go:199.44,201.3 1 0
pvz-cli/internal/usecase/mock/history_and_returns_repo_mock.go:203.2,203.51 1 0
pvz-cli/internal/usecase/mock/history_and_returns_repo_mock.go:203.51,205.3 1 0
pvz-cli/internal/usecase/mock/history_and_returns_repo_mock.go:207.2,207.54 1 0
pvz-cli/internal/usecase/mock/history_and_returns_repo_mock.go:207.54,209.3 1 0
pvz-cli/internal/usecase/mock/history_and_returns_repo_mock.go:210.2,213.21 3 0
pvz-cli/internal/usecase/mock/history_and_returns_repo_mock.go:217.170,218.52 1 0
pvz-cli/internal/usecase/mock/history_and_returns_repo_mock.go:218.52,220.3 1 0
pvz-cli/internal/usecase/mock/history_and_returns_repo_mock.go:222.2,224.21 2 0
pvz-cli/internal/usecase/mock/history_and_returns_repo_mock.go:228.116,229.45 1 0
pvz-cli/internal/usecase/mock/history_and_returns_repo_mock.go:229.45,231.3 1 0
pvz-cli/internal/usecase/mock/history_and_returns_repo_mock.go:233.2,233.44 1 0
pvz-cli/internal/usecase/mock/history_and_returns_repo_mock.go:233.44,235.3 1 0
pvz-cli/internal/usecase/mock/history_and_returns_repo_mock.go:236.2,238.26 3 0
pvz-cli/internal/usecase/mock/history_and_returns_repo_mock.go:242.167,243.44 1 0
pvz-cli/internal/usecase/mock/history_and_returns_repo_mock.go:243.44,245.3 1 0
pvz-cli/internal/usecase/mock/history_and_returns_repo_mock.go:247.2,247.40 1 0
pvz-cli/internal/usecase/mock/history_and_returns_repo_mock.go:247.40,249.3 1 0
pvz-cli/internal/usecase/mock/history_and_returns_repo_mock.go:251.2,253.26 3 0
pvz-cli/internal/usecase/mock/history_and_returns_repo_mock.go:258.169,259.45 1 0
pvz-cli/internal/usecase/mock/history_and_returns_repo_mock.go:259.45,261.3 1 0
pvz-cli/internal/usecase/mock/history_and_returns_repo_mock.go:263.2,269.20 3 0
pvz-cli/internal/usecase/mock/history_and_returns_repo_mock.go:273.113,276.2 2 0
pvz-cli/internal/usecase/mock/history_and_returns_repo_mock.go:279.125,280.12 1 0
pvz-cli/internal/usecase/mock/history_and_returns_repo_mock.go:280.12,282.3 1 0
pvz-cli/internal/usecase/mock/history_and_returns_repo_mock.go:283.2,285.21 3 0
pvz-cli/internal/usecase/mock/history_and_returns_repo_mock.go:288.88,289.126 1 0
pvz-cli/internal/usecase/mock/history_and_returns_repo_mock.go:289.126,291.3 1 0
pvz-cli/internal/usecase/mock/history_and_returns_repo_mock.go:293.2,296.102 3 0
pvz-cli/internal/usecase/mock/history_and_returns_repo_mock.go:300.122,306.47 4 0
pvz-cli/internal/usecase/mock/history_and_returns_repo_mock.go:306.47,308.3 1 0
pvz-cli/internal/usecase/mock/history_and_returns_repo_mock.go:310.2,317.61 5 0
pvz-cli/internal/usecase/mock/history_and_returns_repo_mock.go:317.61,318.43 1 0
pvz-cli/internal/usecase/mock/history_and_returns_repo_mock.go:318.43,321.4 2 0
pvz-cli/internal/usecase/mock/history_and_returns_repo_mock.go:324.2,324.59 1 0
pvz-cli/internal/usecase/mock/history_and_returns_repo_mock.go:324.59,331.26 5 0
pvz-cli/internal/usecase/mock/history_and_returns_repo_mock.go:331.26,333.81 1 0
pvz-cli/internal/usecase/mock/history_and_returns_repo_mock.go:333.81,336.5 1 0
pvz-cli/internal/usecase/mock/history_and_returns_repo_mock.go:338.4,338.75 1 0
pvz-cli/internal/usecase/mock/history_and_returns_repo_mock.go:338.75,341.5 1 0
pvz-cli/internal/usecase/mock/history_and_returns_repo_mock.go:343.9,343.65 1 0
pvz-cli/internal/usecase/mock/history_and_returns_repo_mock.go:343.65,346.4 1 0
pvz-cli/internal/usecase/mock/history_and_returns_repo_mock.go:348.3,349.24 2 0
pvz-cli/internal/usecase/mock/history_and_returns_repo_mock.go:349.24,351.4 1 0
pvz-cli/internal/usecase/mock/history_and_returns_repo_mock.go:352.3,352.27 1 0
pvz-cli/internal/usecase/mock/history_and_returns_repo_mock.go:354.2,354.40 1 0
pvz-cli/internal/usecase/mock/history_and_returns_repo_mock.go:354.40,356.3 1 0
pvz-cli/internal/usecase/mock/history_and_returns_repo_mock.go:357.2,358.8 2 0
pvz-cli/internal/usecase/mock/history_and_returns_repo_mock.go:362.86,364.2 1 0
pvz-cli/internal/usecase/mock/history_and_returns_repo_mock.go:367.87,369.2 1 0
pvz-cli/internal/usecase/mock/history_and_returns_repo_mock.go:373.124,382.2 5 0
pvz-cli/internal/usecase/mock/history_and_returns_repo_mock.go:386.73,387.31 1 0
pvz-cli/internal/usecase/mock/history_and_returns_repo_mock.go:387.31,390.3 1 0
pvz-cli/internal/usecase/mock/history_and_returns_repo_mock.go:392.2,392.50 1 0
pvz-cli/internal/usecase/mock/history_and_returns_repo_mock.go:392.50,393.43 1 0
pvz-cli/internal/usecase/mock/history_and_returns_repo_mock.go:393.43,395.4 1 0
pvz-cli/internal/usecase/mock/history_and_returns_repo_mock.go:398.2,398.43 1 0
pvz-cli/internal/usecase/mock/history_and_returns_repo_mock.go:402.71,403.50 1 0
pvz-cli/internal/usecase/mock/history_and_returns_repo_mock.go:403.50,404.43 1 0
pvz-cli/internal/usecase/mock/history_and_returns_repo_mock.go:404.43,406.4 1 0
pvz-cli/internal/usecase/mock/history_and_returns_repo_mock.go:409.2,411.78 2 0
pvz-cli/internal/usecase/mock/history_and_returns_repo_mock.go:411.78,412.56 1 0
pvz-cli/internal/usecase/mock/history_and_returns_repo_mock.go:412.56,414.4 1 0
pvz-cli/internal/usecase/mock/history_and_returns_repo_mock.go:414.9,416.4 1 0
pvz-cli/internal/usecase/mock/history_and_returns_repo_mock.go:419.2,419.59 1 0
pvz-cli/internal/usecase/mock/history_and_returns_repo_mock.go:419.59,421.3 1 0
pvz-cli/internal/usecase/mock/history_and_returns_repo_mock.go:423.2,423.71 1 0
pvz-cli/internal/usecase/mock/history_and_returns_repo_mock.go:423.71,426.3 1 0
pvz-cli/internal/usecase/mock/history_and_returns_repo_mock.go:482.117,485.2 2 0
pvz-cli/internal/usecase/mock/history_and_returns_repo_mock.go:488.160,489.43 1 0
pvz-cli/internal/usecase/mock/history_and_returns_repo_mock.go:489.43,491.3 1 0
pvz-cli/internal/usecase/mock/history_and_returns_repo_mock.go:493.2,493.43 1 0
pvz-cli/internal/usecase/mock/history_and_returns_repo_mock.go:493.43,495.3 1 0
pvz-cli/internal/usecase/mock/history_and_returns_repo_mock.go:497.2,497.53 1 0
pvz-cli/internal/usecase/mock/history_and_returns_repo_mock.go:497.53,499.3 1 0
pvz-cli/internal/usecase/mock/history_and_returns_repo_mock.go:501.2,503.45 3 0
pvz-cli/internal/usecase/mock/history_and_returns_repo_mock.go:503.45,504.70 1 0
pvz-cli/internal/usecase/mock/history_and_returns_repo_mock.go:504.70,506.4 1 0
pvz-cli/internal/usecase/mock/history_and_returns_repo_mock.go:509.2,509.20 1 0
pvz-cli/internal/usecase/mock/history_and_returns_repo_mock.go:513.143,514.43 1 0
pvz-cli/internal/usecase/mock/history_and_returns_repo_mock.go:514.43,516.3 1 0
pvz-cli/internal/usecase/mock/history_and_returns_repo_mock.go:518.2,518.43 1 0
pvz-cli/internal/usecase/mock/history_and_returns_repo_mock.go:518.43,520.3 1 0
pvz-cli/internal/usecase/mock/history_and_returns_repo_mock.go:522.2,522.50 1 0
pvz-cli/internal/usecase/mock/history_and_returns_repo_mock.go:522.50,524.3 1 0
pvz-cli/internal/usecase/mock/history_and_returns_repo_mock.go:526.2,526.53 1 0
pvz-cli/internal/usecase/mock/history_and_returns_repo_mock.go:526.53,528.3 1 0
pvz-cli/internal/usecase/mock/history_and_returns_repo_mock.go:529.2,532.20 3 0
pvz-cli/internal/usecase/mock/history_and_returns_repo_mock.go:536.148,537.43 1 0
pvz-cli/internal/usecase/mock/history_and_returns_repo_mock.go:537.43,539.3 1 0
pvz-cli/internal/usecase/mock/history_and_returns_repo_mock.go:541.2,541.43 1 0
pvz-cli/internal/usecase/mock/history_and_returns_repo_mock.go:541.43,543.3 1 0
pvz-cli/internal/usecase/mock/history_and_returns_repo_mock.go:545.2,545.50 1 0
pvz-cli/internal/usecase/mock/history_and_returns_repo_mock.go:545.50,547.3 1 0
pvz-cli/internal/usecase/mock/history_and_returns_repo_mock.go:549.2,549.53 1 0
pvz-cli/internal/usecase/mock/history_and_returns_repo_mock.go:549.53,551.3 1 0
pvz-cli/internal/usecase/mock/history_and_returns_repo_mock.go:552.2,555.20 3 0
pvz-cli/internal/usecase/mock/history_and_returns_repo_mock.go:559.169,560.50 1 0
pvz-cli/internal/usecase/mock/history_and_returns_repo_mock.go:560.50,562.3 1 0
pvz-cli/internal/usecase/mock/history_and_returns_repo_mock.go:564.2,566.20 2 0
pvz-cli/internal/usecase/mock/history_and_returns_repo_mock.go:570.114,571.43 1 0
pvz-cli/internal/usecase/mock/history_and_returns_repo_mock.go:571.43,573.3 1 0
pvz-cli/internal/usecase/mock/history_and_returns_repo_mock.go:575.2,575.43 1 0
pvz-cli/internal/usecase/mock/history_and_returns_repo_mock.go:575.43,577.3 1 0
pvz-cli/internal/usecase/mock/history_and_returns_repo_mock.go:578.2,580.25 3 0
pvz-cli/internal/usecase/mock/history_and_returns_repo_mock.go:584.167,585.43 1 0
pvz-cli/internal/usecase/mock/history_and_returns_repo_mock.go:585.43,587.3 1 0
pvz-cli/internal/usecase/mock/history_and_returns_repo_mock.go:589.2,589.39 1 0
pvz-cli/internal/usecase/mock/history_and_returns_repo_mock.go:589.39,591.3 1 0
pvz-cli/internal/usecase/mock/history_and_returns_repo_mock.go:593.2,595.25 3 0
pvz-cli/internal/usecase/mock/history_and_returns_repo_mock.go:600.168,601.43 1 0
pvz-cli/internal/usecase/mock/history_and_returns_repo_mock.go:601.43,603.3 1 0
pvz-cli/internal/usecase/mock/history_and_returns_repo_mock.go:605.2,611.20 3 0
pvz-cli/internal/usecase/mock/history_and_returns_repo_mock.go:615.112,618.2 2 0
pvz-cli/internal/usecase/mock/history_and_returns_repo_mock.go:621.122,622.12 1 0
pvz-cli/internal/usecase/mock/history_and_returns_repo_mock.go:622.12,624.3 1 0
pvz-cli/internal/usecase/mock/history_and_returns_repo_mock.go:625.2,627.20 3 0
pvz-cli/internal/usecase/mock/history_and_returns_repo_mock.go:630.86,631.122 1 0
pvz-cli/internal/usecase/mock/history_and_returns_repo_mock.go:631.122,633.3 1 0
pvz-cli/internal/usecase/mock/history_and_returns_repo_mock.go:635.2,638.102 3 0
pvz-cli/internal/usecase/mock/history_and_returns_repo_mock.go:642.122,648.45 4 0
pvz-cli/internal/usecase/mock/history_and_returns_repo_mock.go:648.45,650.3 1 0
pvz-cli/internal/usecase/mock/history_and_returns_repo_mock.go:652.2,659.59 5 0
pvz-cli/internal/usecase/mock/history_and_returns_repo_mock.go:659.59,660.43 1 0
pvz-cli/internal/usecase/mock/history_and_returns_repo_mock.go:660.43,663.4 2 0
pvz-cli/internal/usecase/mock/history_and_returns_repo_mock.go:666.2,666.57 1 0
pvz-cli/internal/usecase/mock/history_and_returns_repo_mock.go:666.57,673.26 5 0
pvz-cli/internal/usecase/mock/history_and_returns_repo_mock.go:673.26,675.81 1 0
pvz-cli/internal/usecase/mock/history_and_returns_repo_mock.go:675.81,678.5 1 0
pvz-cli/internal/usecase/mock/history_and_returns_repo_mock.go:680.4,680.81 1 0
pvz-cli/internal/usecase/mock/history_and_returns_repo_mock.go:680.81,683.5 1 0
pvz-cli/internal/usecase/mock/history_and_returns_repo_mock.go:685.9,685.65 1 0
pvz-cli/internal/usecase/mock/history_and_returns_repo_mock.go:685.65,688.4 1 0
pvz-cli/internal/usecase/mock/history_and_returns_repo_mock.go:690.3,691.24 2 0
pvz-cli/internal/usecase/mock/history_and_returns_repo_mock.go:691.24,693.4 1 0
pvz-cli/internal/usecase/mock/history_and_returns_repo_mock.go:694.3,694.27 1 0
pvz-cli/internal/usecase/mock/history_and_returns_repo_mock.go:696.2,696.38 1 0
pvz-cli/internal/usecase/mock/history_and_returns_repo_mock.go:696.38,698.3 1 0
pvz-cli/internal/usecase/mock/history_and_returns_repo_mock.go:699.2,700.8 2 0
pvz-cli/internal/usecase/mock/history_and_returns_repo_mock.go:704.84,706.2 1 0
pvz-cli/internal/usecase/mock/history_and_returns_repo_mock.go:709.85,711.2 1 0
pvz-cli/internal/usecase/mock/history_and_returns_repo_mock.go:715.121,724.2 5 0
pvz-cli/internal/usecase/mock/history_and_returns_repo_mock.go:728.72,729.30 1 0
pvz-cli/internal/usecase/mock/history_and_returns_repo_mock.go:729.30,732.3 1 0
pvz-cli/internal/usecase/mock/history_and_returns_repo_mock.go:734.2,734.49 1 0
pvz-cli/internal/usecase/mock/history_and_returns_repo_mock.go:734.49,735.43 1 0
pvz-cli/internal/usecase/mock/history_and_returns_repo_mock.go:735.43,737.4 1 0
pvz-cli/internal/usecase/mock/history_and_returns_repo_mock.go:740.2,740.42 1 0
pvz-cli/internal/usecase/mock/history_and_returns_repo_mock.go:744.70,745.49 1 0
pvz-cli/internal/usecase/mock/history_and_returns_repo_mock.go:745.49,746.43 1 0
pvz-cli/internal/usecase/mock/history_and_returns_repo_mock.go:746.43,748.4 1 0
pvz-cli/internal/usecase/mock/history_and_returns_repo_mock.go:751.2,753.76 2 0
pvz-cli/internal/usecase/mock/history_and_returns_repo_mock.go:753.76,754.55 1 0
pvz-cli/internal/usecase/mock/history_and_returns_repo_mock.go:754.55,756.4 1 0
pvz-cli/internal/usecase/mock/history_and_returns_repo_mock.go:756.9,758.4 1 0
pvz-cli/internal/usecase/mock/history_and_returns_repo_mock.go:761.2,761.57 1 0
pvz-cli/internal/usecase/mock/history_and_returns_repo_mock.go:761.57,763.3 1 0
pvz-cli/internal/usecase/mock/history_and_returns_repo_mock.go:765.2,765.69 1 0
pvz-cli/internal/usecase/mock/history_and_returns_repo_mock.go:765.69,768.3 1 0
pvz-cli/internal/usecase/mock/history_and_returns_repo_mock.go:825.111,828.2 2 0
pvz-cli/internal/usecase/mock/history_and_returns_repo_mock.go:831.146,832.39 1 0
pvz-cli/internal/usecase/mock/history_and_returns_repo_mock.go:832.39,834.3 1 0
pvz-cli/internal/usecase/mock/history_and_returns_repo_mock.go:836.2,836.41 1 0
pvz-cli/internal/usecase/mock/history_and_returns_repo_mock.go:836.41,838.3 1 0
pvz-cli/internal/usecase/mock/history_and_returns_repo_mock.go:840.2,840.51 1 0
pvz-cli/internal/usecase/mock/history_and_returns_repo_mock.go:840.51,842.3 1 0
pvz-cli/internal/usecase/mock/history_and_returns_repo_mock.go:844.2,846.43 3 0
pvz-cli/internal/usecase/mock/history_and_returns_repo_mock.go:846.43,847.68 1 0
pvz-cli/internal/usecase/mock/history_and_returns_repo_mock.go:847.68,849.4 1 0
pvz-cli/internal/usecase/mock/history_and_returns_repo_mock.go:852.2,852.18 1 0
pvz-cli/internal/usecase/mock/history_and_returns_repo_mock.go:856.137,857.39 1 0
pvz-cli/internal/usecase/mock/history_and_returns_repo_mock.go:857.39,859.3 1 0
pvz-cli/internal/usecase/mock/history_and_returns_repo_mock.go:861.2,861.41 1 0
pvz-cli/internal/usecase/mock/history_and_returns_repo_mock.go:861.41,863.3 1 0
pvz-cli/internal/usecase/mock/history_and_returns_repo_mock.go:865.2,865.48 1 0
pvz-cli/internal/usecase/mock/history_and_returns_repo_mock.go:865.48,867.3 1 0
pvz-cli/internal/usecase/mock/history_and_returns_repo_mock.go:869.2,869.51 1 0
pvz-cli/internal/usecase/mock/history_and_returns_repo_mock.go:869.51,871.3 1 0
pvz-cli/internal/usecase/mock/history_and_returns_repo_mock.go:872.2,875.18 3 0
pvz-cli/internal/usecase/mock/history_and_returns_repo_mock.go:879.133,880.39 1 0
pvz-cli/internal/usecase/mock/history_and_returns_repo_mock.go:880.39,882.3 1 0
pvz-cli/internal/usecase/mock/history_and_returns_repo_mock.go:884.2,884.41 1 0
pvz-cli/internal/usecase/mock/history_and_returns_repo_mock.go:884.41,886.3 1 0
pvz-cli/internal/usecase/mock/history_and_returns_repo_mock.go:888.2,888.48 1 0
pvz-cli/internal/usecase/mock/history_and_returns_repo_mock.go:888.48,890.3 1 0
pvz-cli/internal/usecase/mock/history_and_returns_repo_mock.go:892.2,892.51 1 0
pvz-cli/internal/usecase/mock/history_and_returns_repo_mock.go:892.51,894.3 1 0
pvz-cli/internal/usecase/mock/history_and_returns_repo_mock.go:895.2,898.18 3 0
pvz-cli/internal/usecase/mock/history_and_returns_repo_mock.go:902.155,903.46 1 0
pvz-cli/internal/usecase/mock/history_and_returns_repo_mock.go:903.46,905.3 1 0
pvz-cli/internal/usecase/mock/history_and_returns_repo_mock.go:907.2,909.18 2 0
pvz-cli/internal/usecase/mock/history_and_returns_repo_mock.go:913.139,914.39 1 0
pvz-cli/internal/usecase/mock/history_and_returns_repo_mock.go:914.39,916.3 1 0
pvz-cli/internal/usecase/mock/history_and_returns_repo_mock.go:918.2,918.41 1 0
pvz-cli/internal/usecase/mock/history_and_returns_repo_mock.go:918.41,920.3 1 0
pvz-cli/internal/usecase/mock/history_and_returns_repo_mock.go:921.2,923.23 3 0
pvz-cli/internal/usecase/mock/history_and_returns_repo_mock.go:927.184,928.41 1 0
pvz-cli/internal/usecase/mock/history_and_returns_repo_mock.go:928.41,930.3 1 0
pvz-cli/internal/usecase/mock/history_and_returns_repo_mock.go:932.2,932.37 1 0
pvz-cli/internal/usecase/mock/history_and_returns_repo_mock.go:932.37,934.3 1 0
pvz-cli/internal/usecase/mock/history_and_returns_repo_mock.go:936.2,938.23 3 0
pvz-cli/internal/usecase/mock/history_and_returns_repo_mock.go:943.154,944.39 1 0
pvz-cli/internal/usecase/mock/history_and_returns_repo_mock.go:944.39,946.3 1 0
pvz-cli/internal/usecase/mock/history_and_returns_repo_mock.go:948.2,954.20 3 0
pvz-cli/internal/usecase/mock/history_and_returns_repo_mock.go:958.139,961.2 2 0
pvz-cli/internal/usecase/mock/history_and_returns_repo_mock.go:964.116,965.12 1 0
pvz-cli/internal/usecase/mock/history_and_returns_repo_mock.go:965.12,967.3 1 0
pvz-cli/internal/usecase/mock/history_and_returns_repo_mock.go:968.2,970.18 3 0
pvz-cli/internal/usecase/mock/history_and_returns_repo_mock.go:973.82,974.114 1 0
pvz-cli/internal/usecase/mock/history_and_returns_repo_mock.go:974.114,976.3 1 0
pvz-cli/internal/usecase/mock/history_and_returns_repo_mock.go:978.2,981.102 3 0
pvz-cli/internal/usecase/mock/history_and_returns_repo_mock.go:985.139,991.41 4 0
pvz-cli/internal/usecase/mock/history_and_returns_repo_mock.go:991.41,993.3 1 0
pvz-cli/internal/usecase/mock/history_and_returns_repo_mock.go:995.2,1002.55 5 0
pvz-cli/internal/usecase/mock/history_and_returns_repo_mock.go:1002.55,1003.43 1 0
pvz-cli/internal/usecase/mock/history_and_returns_repo_mock.go:1003.43,1006.4 2 0
pvz-cli/internal/usecase/mock/history_and_returns_repo_mock.go:1009.2,1009.53 1 0
pvz-cli/internal/usecase/mock/history_and_returns_repo_mock.go:1009.53,1016.26 5 0
pvz-cli/internal/usecase/mock/history_and_returns_repo_mock.go:1016.26,1018.81 1 0
pvz-cli/internal/usecase/mock/history_and_returns_repo_mock.go:1018.81,1021.5 1 0
pvz-cli/internal/usecase/mock/history_and_returns_repo_mock.go:1023.4,1023.78 1 0
pvz-cli/internal/usecase/mock/history_and_returns_repo_mock.go:1023.78,1026.5 1 0
pvz-cli/internal/usecase/mock/history_and_returns_repo_mock.go:1028.9,1028.65 1 0
pvz-cli/internal/usecase/mock/history_and_returns_repo_mock.go:1028.65,1031.4 1 0
pvz-cli/internal/usecase/mock/history_and_returns_repo_mock.go:1033.3,1034.24 2 0
pvz-cli/internal/usecase/mock/history_and_returns_repo_mock.go:1034.24,1036.4 1 0
pvz-cli/internal/usecase/mock/history_and_returns_repo_mock.go:1037.3,1037.47 1 0
pvz-cli/internal/usecase/mock/history_and_returns_repo_mock.go:1039.2,1039.34 1 0
pvz-cli/internal/usecase/mock/history_and_returns_repo_mock.go:1039.34,1041.3 1 0
pvz-cli/internal/usecase/mock/history_and_returns_repo_mock.go:1042.2,1043.8 2 0
pvz-cli/internal/usecase/mock/history_and_returns_repo_mock.go:1047.80,1049.2 1 0
pvz-cli/internal/usecase/mock/history_and_returns_repo_mock.go:1052.81,1054.2 1 0
pvz-cli/internal/usecase/mock/history_and_returns_repo_mock.go:1058.115,1067.2 5 0
pvz-cli/internal/usecase/mock/history_and_returns_repo_mock.go:1071.70,1072.28 1 0
pvz-cli/internal/usecase/mock/history_and_returns_repo_mock.go:1072.28,1075.3 1 0
pvz-cli/internal/usecase/mock/history_and_returns_repo_mock.go:1077.2,1077.47 1 0
pvz-cli/internal/usecase/mock/history_and_returns_repo_mock.go:1077.47,1078.43 1 0
pvz-cli/internal/usecase/mock/history_and_returns_repo_mock.go:1078.43,1080.4 1 0
pvz-cli/internal/usecase/mock/history_and_returns_repo_mock.go:1083.2,1083.40 1 0
pvz-cli/internal/usecase/mock/history_and_returns_repo_mock.go:1087.68,1088.47 1 0
pvz-cli/internal/usecase/mock/history_and_returns_repo_mock.go:1088.47,1089.43 1 0
pvz-cli/internal/usecase/mock/history_and_returns_repo_mock.go:1089.43,1091.4 1 0
pvz-cli/internal/usecase/mock/history_and_returns_repo_mock.go:1094.2,1096.72 2 0
pvz-cli/internal/usecase/mock/history_and_returns_repo_mock.go:1096.72,1097.53 1 0
pvz-cli/internal/usecase/mock/history_and_returns_repo_mock.go:1097.53,1099.4 1 0
pvz-cli/internal/usecase/mock/history_and_returns_repo_mock.go:1099.9,1101.4 1 0
pvz-cli/internal/usecase/mock/history_and_returns_repo_mock.go:1104.2,1104.53 1 0
pvz-cli/internal/usecase/mock/history_and_returns_repo_mock.go:1104.53,1106.3 1 0
pvz-cli/internal/usecase/mock/history_and_returns_repo_mock.go:1108.2,1108.65 1 0
pvz-cli/internal/usecase/mock/history_and_returns_repo_mock.go:1108.65,1111.3 1 0
pvz-cli/internal/usecase/mock/history_and_returns_repo_mock.go:1168.123,1171.2 2 0
pvz-cli/internal/usecase/mock/history_and_returns_repo_mock.go:1174.158,1175.47 1 0
pvz-cli/internal/usecase/mock/history_and_returns_repo_mock.go:1175.47,1177.3 1 0
pvz-cli/internal/usecase/mock/history_and_returns_repo_mock.go:1179.2,1179.45 1 0
pvz-cli/internal/usecase/mock/history_and_returns_repo_mock.go:1179.45,1181.3 1 0
pvz-cli/internal/usecase/mock/history_and_returns_repo_mock.go:1183.2,1183.55 1 0
pvz-cli/internal/usecase/mock/history_and_returns_repo_mock.go:1183.55,1185.3 1 0
pvz-cli/internal/usecase/mock/history_and_returns_repo_mock.go:1187.2,1189.47 3 0
pvz-cli/internal/usecase/mock/history_and_returns_repo_mock.go:1189.47,1190.72 1 0
pvz-cli/internal/usecase/mock/history_and_returns_repo_mock.go:1190.72,1192.4 1 0
pvz-cli/internal/usecase/mock/history_and_returns_repo_mock.go:1195.2,1195.22 1 0
pvz-cli/internal/usecase/mock/history_and_returns_repo_mock.go:1199.149,1200.47 1 0
pvz-cli/internal/usecase/mock/history_and_returns_repo_mock.go:1200.47,1202.3 1 0
pvz-cli/internal/usecase/mock/history_and_returns_repo_mock.go:1204.2,1204.45 1 0
pvz-cli/internal/usecase/mock/history_and_returns_repo_mock.go:1204.45,1206.3 1 0
pvz-cli/internal/usecase/mock/history_and_returns_repo_mock.go:1208.2,1208.52 1 0
pvz-cli/internal/usecase/mock/history_and_returns_repo_mock.go:1208.52,1210.3 1 0
pvz-cli/internal/usecase/mock/history_and_returns_repo_mock.go:1212.2,1212.55 1 0
pvz-cli/internal/usecase/mock/history_and_returns_repo_mock.go:1212.55,1214.3 1 0
pvz-cli/internal/usecase/mock/history_and_returns_repo_mock.go:1215.2,1218.22 3 0
pvz-cli/internal/usecase/mock/history_and_returns_repo_mock.go:1222.145,1223.47 1 0
pvz-cli/internal/usecase/mock/history_and_returns_repo_mock.go:1223.47,1225.3 1 0
pvz-cli/internal/usecase/mock/history_and_returns_repo_mock.go:1227.2,1227.45 1 0
pvz-cli/internal/usecase/mock/history_and_returns_repo_mock.go:1227.45,1229.3 1 0
pvz-cli/internal/usecase/mock/history_and_returns_repo_mock.go:1231.2,1231.52 1 0
pvz-cli/internal/usecase/mock/history_and_returns_repo_mock.go:1231.52,1233.3 1 0
pvz-cli/internal/usecase/mock/history_and_returns_repo_mock.go:1235.2,1235.55 1 0
pvz-cli/internal/usecase/mock/history_and_returns_repo_mock.go:1235.55,1237.3 1 0
pvz-cli/internal/usecase/mock/history_and_returns_repo_mock.go:1238.2,1241.22 3 0
pvz-cli/internal/usecase/mock/history_and_returns_repo_mock.go:1245.167,1246.54 1 0
pvz-cli/internal/usecase/mock/history_and_returns_repo_mock.go:1246.54,1248.3 1 0
pvz-cli/internal/usecase/mock/history_and_returns_repo_mock.go:1250.2,1252.22 2 0
pvz-cli/internal/usecase/mock/history_and_returns_repo_mock.go:1256.147,1257.47 1 0
pvz-cli/internal/usecase/mock/history_and_returns_repo_mock.go:1257.47,1259.3 1 0
pvz-cli/internal/usecase/mock/history_and_returns_repo_mock.go:1261.2,1261.45 1 0
pvz-cli/internal/usecase/mock/history_and_returns_repo_mock.go:1261.45,1263.3 1 0
pvz-cli/internal/usecase/mock/history_and_returns_repo_mock.go:1264.2,1266.27 3 0
pvz-cli/internal/usecase/mock/history_and_returns_repo_mock.go:1270.192,1271.45 1 0
pvz-cli/internal/usecase/mock/history_and_returns_repo_mock.go:1271.45,1273.3 1 0
pvz-cli/internal/usecase/mock/history_and_returns_repo_mock.go:1275.2,1275.41 1 0
pvz-cli/internal/usecase/mock/history_and_returns_repo_mock.go:1275.41,1277.3 1 0
pvz-cli/internal/usecase/mock/history_and_returns_repo_mock.go:1279.2,1281.27 3 0
pvz-cli/internal/usecase/mock/history_and_returns_repo_mock.go:1286.166,1287.47 1 0
pvz-cli/internal/usecase/mock/history_and_returns_repo_mock.go:1287.47,1289.3 1 0
pvz-cli/internal/usecase/mock/history_and_returns_repo_mock.go:1291.2,1297.20 3 0
pvz-cli/internal/usecase/mock/history_and_returns_repo_mock.go:1301.143,1304.2 2 0
pvz-cli/internal/usecase/mock/history_and_returns_repo_mock.go:1307.128,1308.12 1 0
pvz-cli/internal/usecase/mock/history_and_returns_repo_mock.go:1308.12,1310.3 1 0
pvz-cli/internal/usecase/mock/history_and_returns_repo_mock.go:1311.2,1313.22 3 0
pvz-cli/internal/usecase/mock/history_and_returns_repo_mock.go:1316.90,1317.130 1 0
pvz-cli/internal/usecase/mock/history_and_returns_repo_mock.go:1317.130,1319.3 1 0
pvz-cli/internal/usecase/mock/history_and_returns_repo_mock.go:1321.2,1324.102 3 0
pvz-cli/internal/usecase/mock/history_and_returns_repo_mock.go:1328.147,1334.49 4 0
pvz-cli/internal/usecase/mock/history_and_returns_repo_mock.go:1334.49,1336.3 1 0
pvz-cli/internal/usecase/mock/history_and_returns_repo_mock.go:1338.2,1345.63 5 0
pvz-cli/internal/usecase/mock/history_and_returns_repo_mock.go:1345.63,1346.43 1 0
pvz-cli/internal/usecase/mock/history_and_returns_repo_mock.go:1346.43,1349.4 2 0
pvz-cli/internal/usecase/mock/history_and_returns_repo_mock.go:1352.2,1352.61 1 0
pvz-cli/internal/usecase/mock/history_and_returns_repo_mock.go:1352.61,1359.26 5 0
pvz-cli/internal/usecase/mock/history_and_returns_repo_mock.go:1359.26,1361.81 1 0
pvz-cli/internal/usecase/mock/history_and_returns_repo_mock.go:1361.81,1364.5 1 0
pvz-cli/internal/usecase/mock/history_and_returns_repo_mock.go:1366.4,1366.78 1 0
pvz-cli/internal/usecase/mock/history_and_returns_repo_mock.go:1366.78,1369.5 1 0
pvz-cli/internal/usecase/mock/history_and_returns_repo_mock.go:1371.9,1371.65 1 0
pvz-cli/internal/usecase/mock/history_and_returns_repo_mock.go:1371.65,1374.4 1 0
pvz-cli/internal/usecase/mock/history_and_returns_repo_mock.go:1376.3,1377.24 2 0
pvz-cli/internal/usecase/mock/history_and_returns_repo_mock.go:1377.24,1379.4 1 0
pvz-cli/internal/usecase/mock/history_and_returns_repo_mock.go:1380.3,1380.47 1 0
pvz-cli/internal/usecase/mock/history_and_returns_repo_mock.go:1382.2,1382.42 1 0
pvz-cli/internal/usecase/mock/history_and_returns_repo_mock.go:1382.42,1384.3 1 0
pvz-cli/internal/usecase/mock/history_and_returns_repo_mock.go:1385.2,1386.8 2 0
pvz-cli/internal/usecase/mock/history_and_returns_repo_mock.go:1390.88,1392.2 1 0
pvz-cli/internal/usecase/mock/history_and_returns_repo_mock.go:1395.89,1397.2 1 0
pvz-cli/internal/usecase/mock/history_and_returns_repo_mock.go:1401.127,1410.2 5 0
pvz-cli/internal/usecase/mock/history_and_returns_repo_mock.go:1414.74,1415.32 1 0
pvz-cli/internal/usecase/mock/history_and_returns_repo_mock.go:1415.32,1418.3 1 0
pvz-cli/internal/usecase/mock/history_and_returns_repo_mock.go:1420.2,1420.51 1 0
pvz-cli/internal/usecase/mock/history_and_returns_repo_mock.go:1420.51,1421.43 1 0
pvz-cli/internal/usecase/mock/history_and_returns_repo_mock.go:1421.43,1423.4 1 0
pvz-cli/internal/usecase/mock/history_and_returns_repo_mock.go:1426.2,1426.44 1 0
pvz-cli/internal/usecase/mock/history_and_returns_repo_mock.go:1430.72,1431.51 1 0
pvz-cli/internal/usecase/mock/history_and_returns_repo_mock.go:1431.51,1432.43 1 0
pvz-cli/internal/usecase/mock/history_and_returns_repo_mock.go:1432.43,1434.4 1 0
pvz-cli/internal/usecase/mock/history_and_returns_repo_mock.go:1437.2,1439.80 2 0
pvz-cli/internal/usecase/mock/history_and_returns_repo_mock.go:1439.80,1440.57 1 0
pvz-cli/internal/usecase/mock/history_and_returns_repo_mock.go:1440.57,1442.4 1 0
pvz-cli/internal/usecase/mock/history_and_returns_repo_mock.go:1442.9,1444.4 1 0
pvz-cli/internal/usecase/mock/history_and_returns_repo_mock.go:1447.2,1447.61 1 0
pvz-cli/internal/usecase/mock/history_and_returns_repo_mock.go:1447.61,1449.3 1 0
pvz-cli/internal/usecase/mock/history_and_returns_repo_mock.go:1451.2,1451.73 1 0
pvz-cli/internal/usecase/mock/history_and_returns_repo_mock.go:1451.73,1454.3 1 0
pvz-cli/internal/usecase/mock/history_and_returns_repo_mock.go:1511.141,1514.2 2 0
pvz-cli/internal/usecase/mock/history_and_returns_repo_mock.go:1517.173,1518.59 1 0
pvz-cli/internal/usecase/mock/history_and_returns_repo_mock.go:1518.59,1520.3 1 0
pvz-cli/internal/usecase/mock/history_and_returns_repo_mock.go:1522.2,1522.51 1 0
pvz-cli/internal/usecase/mock/history_and_returns_repo_mock.go:1522.51,1524.3 1 0
pvz-cli/internal/usecase/mock/history_and_returns_repo_mock.go:1526.2,1526.61 1 0
pvz-cli/internal/usecase/mock/history_and_returns_repo_mock.go:1526.61,1528.3 1 0
pvz-cli/internal/usecase/mock/history_and_returns_repo_mock.go:1530.2,1532.53 3 0
pvz-cli/internal/usecase/mock/history_and_returns_repo_mock.go:1532.53,1533.78 1 0
pvz-cli/internal/usecase/mock/history_and_returns_repo_mock.go:1533.78,1535.4 1 0
pvz-cli/internal/usecase/mock/history_and_returns_repo_mock.go:1538.2,1538.28 1 0
pvz-cli/internal/usecase/mock/history_and_returns_repo_mock.go:1542.167,1543.59 1 0
pvz-cli/internal/usecase/mock/history_and_returns_repo_mock.go:1543.59,1545.3 1 0
pvz-cli/internal/usecase/mock/history_and_returns_repo_mock.go:1547.2,1547.51 1 0
pvz-cli/internal/usecase/mock/history_and_returns_repo_mock.go:1547.51,1549.3 1 0
pvz-cli/internal/usecase/mock/history_and_returns_repo_mock.go:1551.2,1551.58 1 0
pvz-cli/internal/usecase/mock/history_and_returns_repo_mock.go:1551.58,1553.3 1 0
pvz-cli/internal/usecase/mock/history_and_returns_repo_mock.go:1555.2,1555.61 1 0
pvz-cli/internal/usecase/mock/history_and_returns_repo_mock.go:1555.61,1557.3 1 0
pvz-cli/internal/usecase/mock/history_and_returns_repo_mock.go:1558.2,1561.28 3 0
pvz-cli/internal/usecase/mock/history_and_returns_repo_mock.go:1565.164,1566.59 1 0
pvz-cli/internal/usecase/mock/history_and_returns_repo_mock.go:1566.59,1568.3 1 0
pvz-cli/internal/usecase/mock/history_and_returns_repo_mock.go:1570.2,1570.51 1 0
pvz-cli/internal/usecase/mock/history_and_returns_repo_mock.go:1570.51,1572.3 1 0
pvz-cli/internal/usecase/mock/history_and_returns_repo_mock.go:1574.2,1574.58 1 0
pvz-cli/internal/usecase/mock/history_and_returns_repo_mock.go:1574.58,1576.3 1 0
pvz-cli/internal/usecase/mock/history_and_returns_repo_mock.go:1578.2,1578.61 1 0
pvz-cli/internal/usecase/mock/history_and_returns_repo_mock.go:1578.61,1580.3 1 0
pvz-cli/internal/usecase/mock/history_and_returns_repo_mock.go:1581.2,1584.28 3 0
pvz-cli/internal/usecase/mock/history_and_returns_repo_mock.go:1588.182,1589.66 1 0
pvz-cli/internal/usecase/mock/history_and_returns_repo_mock.go:1589.66,1591.3 1 0
pvz-cli/internal/usecase/mock/history_and_returns_repo_mock.go:1593.2,1595.28 2 0
pvz-cli/internal/usecase/mock/history_and_returns_repo_mock.go:1599.159,1600.59 1 0
pvz-cli/internal/usecase/mock/history_and_returns_repo_mock.go:1600.59,1602.3 1 0
pvz-cli/internal/usecase/mock/history_and_returns_repo_mock.go:1604.2,1604.51 1 0
pvz-cli/internal/usecase/mock/history_and_returns_repo_mock.go:1604.51,1606.3 1 0
pvz-cli/internal/usecase/mock/history_and_returns_repo_mock.go:1607.2,1609.33 3 0
pvz-cli/internal/usecase/mock/history_and_returns_repo_mock.go:1613.201,1614.51 1 0
pvz-cli/internal/usecase/mock/history_and_returns_repo_mock.go:1614.51,1616.3 1 0
pvz-cli/internal/usecase/mock/history_and_returns_repo_mock.go:1618.2,1618.47 1 0
pvz-cli/internal/usecase/mock/history_and_returns_repo_mock.go:1618.47,1620.3 1 0
pvz-cli/internal/usecase/mock/history_and_returns_repo_mock.go:1622.2,1624.33 3 0
pvz-cli/internal/usecase/mock/history_and_returns_repo_mock.go:1629.181,1630.59 1 0
pvz-cli/internal/usecase/mock/history_and_returns_repo_mock.go:1630.59,1632.3 1 0
pvz-cli/internal/usecase/mock/history_and_returns_repo_mock.go:1634.2,1640.20 3 0
pvz-cli/internal/usecase/mock/history_and_returns_repo_mock.go:1644.149,1647.2 2 0
pvz-cli/internal/usecase/mock/history_and_returns_repo_mock.go:1650.146,1651.12 1 0
pvz-cli/internal/usecase/mock/history_and_returns_repo_mock.go:1651.12,1653.3 1 0
pvz-cli/internal/usecase/mock/history_and_returns_repo_mock.go:1654.2,1656.28 3 0
pvz-cli/internal/usecase/mock/history_and_returns_repo_mock.go:1659.102,1660.154 1 0
pvz-cli/internal/usecase/mock/history_and_returns_repo_mock.go:1660.154,1662.3 1 0
pvz-cli/internal/usecase/mock/history_and_returns_repo_mock.go:1664.2,1667.102 3 0
pvz-cli/internal/usecase/mock/history_and_returns_repo_mock.go:1671.156,1677.61 4 0
pvz-cli/internal/usecase/mock/history_and_returns_repo_mock.go:1677.61,1679.3 1 0
pvz-cli/internal/usecase/mock/history_and_returns_repo_mock.go:1681.2,1688.75 5 0
pvz-cli/internal/usecase/mock/history_and_returns_repo_mock.go:1688.75,1689.43 1 0
pvz-cli/internal/usecase/mock/history_and_returns_repo_mock.go:1689.43,1692.4 2 0
pvz-cli/internal/usecase/mock/history_and_returns_repo_mock.go:1695.2,1695.73 1 0
pvz-cli/internal/usecase/mock/history_and_returns_repo_mock.go:1695.73,1702.26 5 0
pvz-cli/internal/usecase/mock/history_and_returns_repo_mock.go:1702.26,1704.81 1 0
pvz-cli/internal/usecase/mock/history_and_returns_repo_mock.go:1704.81,1707.5 1 0
pvz-cli/internal/usecase/mock/history_and_returns_repo_mock.go:1709.4,1709.90 1 0
pvz-cli/internal/usecase/mock/history_and_returns_repo_mock.go:1709.90,1712.5 1 0
pvz-cli/internal/usecase/mock/history_and_returns_repo_mock.go:1714.9,1714.65 1 0
pvz-cli/internal/usecase/mock/history_and_returns_repo_mock.go:1714.65,1717.4 1 0
pvz-cli/internal/usecase/mock/history_and_returns_repo_mock.go:1719.3,1720.24 2 0
pvz-cli/internal/usecase/mock/history_and_returns_repo_mock.go:1720.24,1722.4 1 0
pvz-cli/internal/usecase/mock/history_and_returns_repo_mock.go:1723.3,1723.47 1 0
pvz-cli/internal/usecase/mock/history_and_returns_repo_mock.go:1725.2,1725.54 1 0
pvz-cli/internal/usecase/mock/history_and_returns_repo_mock.go:1725.54,1727.3 1 0
pvz-cli/internal/usecase/mock/history_and_returns_repo_mock.go:1728.2,1729.8 2 0
pvz-cli/internal/usecase/mock/history_and_returns_repo_mock.go:1733.100,1735.2 1 0
pvz-cli/internal/usecase/mock/history_and_returns_repo_mock.go:1738.101,1740.2 1 0
pvz-cli/internal/usecase/mock/history_and_returns_repo_mock.go:1744.145,1753.2 5 0
pvz-cli/internal/usecase/mock/history_and_returns_repo_mock.go:1757.80,1758.38 1 0
pvz-cli/internal/usecase/mock/history_and_returns_repo_mock.go:1758.38,1761.3 1 0
pvz-cli/internal/usecase/mock/history_and_returns_repo_mock.go:1763.2,1763.57 1 0
pvz-cli/internal/usecase/mock/history_and_returns_repo_mock.go:1763.57,1764.43 1 0
pvz-cli/internal/usecase/mock/history_and_returns_repo_mock.go:1764.43,1766.4 1 0
pvz-cli/internal/usecase/mock/history_and_returns_repo_mock.go:1769.2,1769.50 1 0
pvz-cli/internal/usecase/mock/history_and_returns_repo_mock.go:1773.78,1774.57 1 0
pvz-cli/internal/usecase/mock/history_and_returns_repo_mock.go:1774.57,1775.43 1 0
pvz-cli/internal/usecase/mock/history_and_returns_repo_mock.go:1775.43,1777.4 1 0
pvz-cli/internal/usecase/mock/history_and_returns_repo_mock.go:1780.2,1782.92 2 0
pvz-cli/internal/usecase/mock/history_and_returns_repo_mock.go:1782.92,1783.63 1 0
pvz-cli/internal/usecase/mock/history_and_returns_repo_mock.go:1783.63,1785.4 1 0
pvz-cli/internal/usecase/mock/history_and_returns_repo_mock.go:1785.9,1787.4 1 0
pvz-cli/internal/usecase/mock/history_and_returns_repo_mock.go:1790.2,1790.73 1 0
pvz-cli/internal/usecase/mock/history_and_returns_repo_mock.go:1790.73,1792.3 1 0
pvz-cli/internal/usecase/mock/history_and_returns_repo_mock.go:1794.2,1794.85 1 0
pvz-cli/internal/usecase/mock/history_and_returns_repo_mock.go:1794.85,1797.3 1 0
pvz-cli/internal/usecase/mock/history_and_returns_repo_mock.go:1801.60,1802.25 1 0
pvz-cli/internal/usecase/mock/history_and_returns_repo_mock.go:1802.25,1803.24 1 0
pvz-cli/internal/usecase/mock/history_and_returns_repo_mock.go:1803.24,1813.4 5 0
pvz-cli/internal/usecase/mock/history_and_returns_repo_mock.go:1818.82,1820.6 2 0
pvz-cli/internal/usecase/mock/history_and_returns_repo_mock.go:1820.6,1821.23 1 0
pvz-cli/internal/usecase/mock/history_and_returns_repo_mock.go:1821.23,1823.4 1 0
pvz-cli/internal/usecase/mock/history_and_returns_repo_mock.go:1824.3,1824.10 1 0
pvz-cli/internal/usecase/mock/history_and_returns_repo_mock.go:1825.20,1827.10 2 0
pvz-cli/internal/usecase/mock/history_and_returns_repo_mock.go:1828.50,1828.50 0 0
pvz-cli/internal/usecase/mock/history_and_returns_repo_mock.go:1833.63,1841.2 2 0
pvz-cli/internal/usecase/mock/orders_repo_mock.go:74.71,77.55 2 0
pvz-cli/internal/usecase/mock/orders_repo_mock.go:77.55,79.3 1 0
pvz-cli/internal/usecase/mock/orders_repo_mock.go:81.2,104.10 16 0
pvz-cli/internal/usecase/mock/orders_repo_mock.go:160.86,163.2 2 0
pvz-cli/internal/usecase/mock/orders_repo_mock.go:166.120,167.37 1 0
pvz-cli/internal/usecase/mock/orders_repo_mock.go:167.37,169.3 1 0
pvz-cli/internal/usecase/mock/orders_repo_mock.go:171.2,171.40 1 0
pvz-cli/internal/usecase/mock/orders_repo_mock.go:171.40,173.3 1 0
pvz-cli/internal/usecase/mock/orders_repo_mock.go:175.2,175.50 1 0
pvz-cli/internal/usecase/mock/orders_repo_mock.go:175.50,177.3 1 0
pvz-cli/internal/usecase/mock/orders_repo_mock.go:179.2,181.42 3 0
pvz-cli/internal/usecase/mock/orders_repo_mock.go:181.42,182.67 1 0
pvz-cli/internal/usecase/mock/orders_repo_mock.go:182.67,184.4 1 0
pvz-cli/internal/usecase/mock/orders_repo_mock.go:187.2,187.17 1 0
pvz-cli/internal/usecase/mock/orders_repo_mock.go:191.112,192.37 1 0
pvz-cli/internal/usecase/mock/orders_repo_mock.go:192.37,194.3 1 0
pvz-cli/internal/usecase/mock/orders_repo_mock.go:196.2,196.40 1 0
pvz-cli/internal/usecase/mock/orders_repo_mock.go:196.40,198.3 1 0
pvz-cli/internal/usecase/mock/orders_repo_mock.go:200.2,200.47 1 0
pvz-cli/internal/usecase/mock/orders_repo_mock.go:200.47,202.3 1 0
pvz-cli/internal/usecase/mock/orders_repo_mock.go:204.2,204.50 1 0
pvz-cli/internal/usecase/mock/orders_repo_mock.go:204.50,206.3 1 0
pvz-cli/internal/usecase/mock/orders_repo_mock.go:207.2,210.17 3 0
pvz-cli/internal/usecase/mock/orders_repo_mock.go:214.106,215.37 1 0
pvz-cli/internal/usecase/mock/orders_repo_mock.go:215.37,217.3 1 0
pvz-cli/internal/usecase/mock/orders_repo_mock.go:219.2,219.40 1 0
pvz-cli/internal/usecase/mock/orders_repo_mock.go:219.40,221.3 1 0
pvz-cli/internal/usecase/mock/orders_repo_mock.go:223.2,223.47 1 0
pvz-cli/internal/usecase/mock/orders_repo_mock.go:223.47,225.3 1 0
pvz-cli/internal/usecase/mock/orders_repo_mock.go:227.2,227.50 1 0
pvz-cli/internal/usecase/mock/orders_repo_mock.go:227.50,229.3 1 0
pvz-cli/internal/usecase/mock/orders_repo_mock.go:230.2,233.17 3 0
pvz-cli/internal/usecase/mock/orders_repo_mock.go:237.129,238.44 1 0
[...]
pvz-cli/vendor-proto/validate/validate.pb.go:2618.2,2618.12 1 0
pvz-cli/vendor-proto/validate/validate.pb.go:2621.40,2622.14 1 0
pvz-cli/vendor-proto/validate/validate.pb.go:2622.14,2624.3 1 0
pvz-cli/vendor-proto/validate/validate.pb.go:2625.2,2625.12 1 0
pvz-cli/vendor-proto/validate/validate.pb.go:2642.32,2644.29 2 0
pvz-cli/vendor-proto/validate/validate.pb.go:2644.29,2648.3 3 0
pvz-cli/vendor-proto/validate/validate.pb.go:2651.40,2653.2 1 0
pvz-cli/vendor-proto/validate/validate.pb.go:2655.38,2655.39 0 0
pvz-cli/vendor-proto/validate/validate.pb.go:2657.60,2659.41 2 0
pvz-cli/vendor-proto/validate/validate.pb.go:2659.41,2661.34 2 0
pvz-cli/vendor-proto/validate/validate.pb.go:2661.34,2663.4 1 0
pvz-cli/vendor-proto/validate/validate.pb.go:2664.3,2664.12 1 0
pvz-cli/vendor-proto/validate/validate.pb.go:2666.2,2666.24 1 0
pvz-cli/vendor-proto/validate/validate.pb.go:2670.51,2672.2 1 0
pvz-cli/vendor-proto/validate/validate.pb.go:2674.39,2675.31 1 0
pvz-cli/vendor-proto/validate/validate.pb.go:2675.31,2677.3 1 0
pvz-cli/vendor-proto/validate/validate.pb.go:2678.2,2678.14 1 0
pvz-cli/vendor-proto/validate/validate.pb.go:2681.43,2682.35 1 0
pvz-cli/vendor-proto/validate/validate.pb.go:2682.35,2684.3 1 0
pvz-cli/vendor-proto/validate/validate.pb.go:2685.2,2685.14 1 0
pvz-cli/vendor-proto/validate/validate.pb.go:2713.33,2715.29 2 0
pvz-cli/vendor-proto/validate/validate.pb.go:2715.29,2719.3 3 0
pvz-cli/vendor-proto/validate/validate.pb.go:2722.41,2724.2 1 0
pvz-cli/vendor-proto/validate/validate.pb.go:2726.39,2726.40 0 0
pvz-cli/vendor-proto/validate/validate.pb.go:2728.61,2730.41 2 0
pvz-cli/vendor-proto/validate/validate.pb.go:2730.41,2732.34 2 0
pvz-cli/vendor-proto/validate/validate.pb.go:2732.34,2734.4 1 0
pvz-cli/vendor-proto/validate/validate.pb.go:2735.3,2735.12 1 0
pvz-cli/vendor-proto/validate/validate.pb.go:2737.2,2737.24 1 0
pvz-cli/vendor-proto/validate/validate.pb.go:2741.52,2743.2 1 0
pvz-cli/vendor-proto/validate/validate.pb.go:2745.46,2746.35 1 0
pvz-cli/vendor-proto/validate/validate.pb.go:2746.35,2748.3 1 0
pvz-cli/vendor-proto/validate/validate.pb.go:2749.2,2749.10 1 0
pvz-cli/vendor-proto/validate/validate.pb.go:2752.46,2753.35 1 0
pvz-cli/vendor-proto/validate/validate.pb.go:2753.35,2755.3 1 0
pvz-cli/vendor-proto/validate/validate.pb.go:2756.2,2756.10 1 0
pvz-cli/vendor-proto/validate/validate.pb.go:2759.42,2760.33 1 0
pvz-cli/vendor-proto/validate/validate.pb.go:2760.33,2762.3 1 0
pvz-cli/vendor-proto/validate/validate.pb.go:2763.2,2763.14 1 0
pvz-cli/vendor-proto/validate/validate.pb.go:2766.48,2767.14 1 0
pvz-cli/vendor-proto/validate/validate.pb.go:2767.14,2769.3 1 0
pvz-cli/vendor-proto/validate/validate.pb.go:2770.2,2770.12 1 0
pvz-cli/vendor-proto/validate/validate.pb.go:2773.47,2774.38 1 0
pvz-cli/vendor-proto/validate/validate.pb.go:2774.38,2776.3 1 0
pvz-cli/vendor-proto/validate/validate.pb.go:2777.2,2777.14 1 0
pvz-cli/vendor-proto/validate/validate.pb.go:2806.28,2808.29 2 0
pvz-cli/vendor-proto/validate/validate.pb.go:2808.29,2812.3 3 0
pvz-cli/vendor-proto/validate/validate.pb.go:2815.36,2817.2 1 0
pvz-cli/vendor-proto/validate/validate.pb.go:2819.34,2819.35 0 0
pvz-cli/vendor-proto/validate/validate.pb.go:2821.56,2823.41 2 0
pvz-cli/vendor-proto/validate/validate.pb.go:2823.41,2825.34 2 0
pvz-cli/vendor-proto/validate/validate.pb.go:2825.34,2827.4 1 0
pvz-cli/vendor-proto/validate/validate.pb.go:2828.3,2828.12 1 0
pvz-cli/vendor-proto/validate/validate.pb.go:2830.2,2830.24 1 0
pvz-cli/vendor-proto/validate/validate.pb.go:2834.47,2836.2 1 0
pvz-cli/vendor-proto/validate/validate.pb.go:2838.41,2839.35 1 0
pvz-cli/vendor-proto/validate/validate.pb.go:2839.35,2841.3 1 0
pvz-cli/vendor-proto/validate/validate.pb.go:2842.2,2842.10 1 0
pvz-cli/vendor-proto/validate/validate.pb.go:2845.41,2846.35 1 0
pvz-cli/vendor-proto/validate/validate.pb.go:2846.35,2848.3 1 0
pvz-cli/vendor-proto/validate/validate.pb.go:2849.2,2849.10 1 0
pvz-cli/vendor-proto/validate/validate.pb.go:2852.39,2853.35 1 0
pvz-cli/vendor-proto/validate/validate.pb.go:2853.35,2855.3 1 0
pvz-cli/vendor-proto/validate/validate.pb.go:2856.2,2856.14 1 0
pvz-cli/vendor-proto/validate/validate.pb.go:2859.42,2860.14 1 0
pvz-cli/vendor-proto/validate/validate.pb.go:2860.14,2862.3 1 0
pvz-cli/vendor-proto/validate/validate.pb.go:2863.2,2863.12 1 0
pvz-cli/vendor-proto/validate/validate.pb.go:2866.44,2867.14 1 0
pvz-cli/vendor-proto/validate/validate.pb.go:2867.14,2869.3 1 0
pvz-cli/vendor-proto/validate/validate.pb.go:2870.2,2870.12 1 0
pvz-cli/vendor-proto/validate/validate.pb.go:2873.42,2874.38 1 0
pvz-cli/vendor-proto/validate/validate.pb.go:2874.38,2876.3 1 0
pvz-cli/vendor-proto/validate/validate.pb.go:2877.2,2877.14 1 0
pvz-cli/vendor-proto/validate/validate.pb.go:2897.28,2899.29 2 0
pvz-cli/vendor-proto/validate/validate.pb.go:2899.29,2903.3 3 0
pvz-cli/vendor-proto/validate/validate.pb.go:2906.36,2908.2 1 0
pvz-cli/vendor-proto/validate/validate.pb.go:2910.34,2910.35 0 0
pvz-cli/vendor-proto/validate/validate.pb.go:2912.56,2914.41 2 0
pvz-cli/vendor-proto/validate/validate.pb.go:2914.41,2916.34 2 0
pvz-cli/vendor-proto/validate/validate.pb.go:2916.34,2918.4 1 0
pvz-cli/vendor-proto/validate/validate.pb.go:2919.3,2919.12 1 0
pvz-cli/vendor-proto/validate/validate.pb.go:2921.2,2921.24 1 0
pvz-cli/vendor-proto/validate/validate.pb.go:2925.47,2927.2 1 0
pvz-cli/vendor-proto/validate/validate.pb.go:2929.39,2930.35 1 0
pvz-cli/vendor-proto/validate/validate.pb.go:2930.35,2932.3 1 0
pvz-cli/vendor-proto/validate/validate.pb.go:2933.2,2933.14 1 0
pvz-cli/vendor-proto/validate/validate.pb.go:2936.37,2937.14 1 0
pvz-cli/vendor-proto/validate/validate.pb.go:2937.14,2939.3 1 0
pvz-cli/vendor-proto/validate/validate.pb.go:2940.2,2940.12 1 0
pvz-cli/vendor-proto/validate/validate.pb.go:2943.40,2944.14 1 0
pvz-cli/vendor-proto/validate/validate.pb.go:2944.14,2946.3 1 0
pvz-cli/vendor-proto/validate/validate.pb.go:2947.2,2947.12 1 0
pvz-cli/vendor-proto/validate/validate.pb.go:2981.33,2983.29 2 0
pvz-cli/vendor-proto/validate/validate.pb.go:2983.29,2987.3 3 0
pvz-cli/vendor-proto/validate/validate.pb.go:2990.41,2992.2 1 0
pvz-cli/vendor-proto/validate/validate.pb.go:2994.39,2994.40 0 0
pvz-cli/vendor-proto/validate/validate.pb.go:2996.61,2998.41 2 0
pvz-cli/vendor-proto/validate/validate.pb.go:2998.41,3000.34 2 0
pvz-cli/vendor-proto/validate/validate.pb.go:3000.34,3002.4 1 0
pvz-cli/vendor-proto/validate/validate.pb.go:3003.3,3003.12 1 0
pvz-cli/vendor-proto/validate/validate.pb.go:3005.2,3005.24 1 0
pvz-cli/vendor-proto/validate/validate.pb.go:3009.52,3011.2 1 0
pvz-cli/vendor-proto/validate/validate.pb.go:3013.44,3014.35 1 0
pvz-cli/vendor-proto/validate/validate.pb.go:3014.35,3016.3 1 0
pvz-cli/vendor-proto/validate/validate.pb.go:3017.2,3017.14 1 0
pvz-cli/vendor-proto/validate/validate.pb.go:3020.57,3021.14 1 0
pvz-cli/vendor-proto/validate/validate.pb.go:3021.14,3023.3 1 0
pvz-cli/vendor-proto/validate/validate.pb.go:3024.2,3024.12 1 0
pvz-cli/vendor-proto/validate/validate.pb.go:3027.54,3028.14 1 0
pvz-cli/vendor-proto/validate/validate.pb.go:3028.14,3030.3 1 0
pvz-cli/vendor-proto/validate/validate.pb.go:3031.2,3031.12 1 0
pvz-cli/vendor-proto/validate/validate.pb.go:3034.55,3035.14 1 0
pvz-cli/vendor-proto/validate/validate.pb.go:3035.14,3037.3 1 0
pvz-cli/vendor-proto/validate/validate.pb.go:3038.2,3038.12 1 0
pvz-cli/vendor-proto/validate/validate.pb.go:3041.54,3042.14 1 0
pvz-cli/vendor-proto/validate/validate.pb.go:3042.14,3044.3 1 0
pvz-cli/vendor-proto/validate/validate.pb.go:3045.2,3045.12 1 0
pvz-cli/vendor-proto/validate/validate.pb.go:3048.55,3049.14 1 0
pvz-cli/vendor-proto/validate/validate.pb.go:3049.14,3051.3 1 0
pvz-cli/vendor-proto/validate/validate.pb.go:3052.2,3052.12 1 0
pvz-cli/vendor-proto/validate/validate.pb.go:3055.56,3056.14 1 0
pvz-cli/vendor-proto/validate/validate.pb.go:3056.14,3058.3 1 0
pvz-cli/vendor-proto/validate/validate.pb.go:3059.2,3059.12 1 0
pvz-cli/vendor-proto/validate/validate.pb.go:3062.59,3063.14 1 0
pvz-cli/vendor-proto/validate/validate.pb.go:3063.14,3065.3 1 0
pvz-cli/vendor-proto/validate/validate.pb.go:3066.2,3066.12 1 0
pvz-cli/vendor-proto/validate/validate.pb.go:3104.34,3106.29 2 0
pvz-cli/vendor-proto/validate/validate.pb.go:3106.29,3110.3 3 0
pvz-cli/vendor-proto/validate/validate.pb.go:3113.42,3115.2 1 0
pvz-cli/vendor-proto/validate/validate.pb.go:3117.40,3117.41 0 0
pvz-cli/vendor-proto/validate/validate.pb.go:3119.62,3121.41 2 0
pvz-cli/vendor-proto/validate/validate.pb.go:3121.41,3123.34 2 0
pvz-cli/vendor-proto/validate/validate.pb.go:3123.34,3125.4 1 0
pvz-cli/vendor-proto/validate/validate.pb.go:3126.3,3126.12 1 0
pvz-cli/vendor-proto/validate/validate.pb.go:3128.2,3128.24 1 0
pvz-cli/vendor-proto/validate/validate.pb.go:3132.53,3134.2 1 0
pvz-cli/vendor-proto/validate/validate.pb.go:3136.45,3137.35 1 0
pvz-cli/vendor-proto/validate/validate.pb.go:3137.35,3139.3 1 0
pvz-cli/vendor-proto/validate/validate.pb.go:3140.2,3140.14 1 0
pvz-cli/vendor-proto/validate/validate.pb.go:3143.60,3144.14 1 0
pvz-cli/vendor-proto/validate/validate.pb.go:3144.14,3146.3 1 0
pvz-cli/vendor-proto/validate/validate.pb.go:3147.2,3147.12 1 0
pvz-cli/vendor-proto/validate/validate.pb.go:3150.57,3151.14 1 0
pvz-cli/vendor-proto/validate/validate.pb.go:3151.14,3153.3 1 0
pvz-cli/vendor-proto/validate/validate.pb.go:3154.2,3154.12 1 0
pvz-cli/vendor-proto/validate/validate.pb.go:3157.58,3158.14 1 0
pvz-cli/vendor-proto/validate/validate.pb.go:3158.14,3160.3 1 0
pvz-cli/vendor-proto/validate/validate.pb.go:3161.2,3161.12 1 0
pvz-cli/vendor-proto/validate/validate.pb.go:3164.57,3165.14 1 0
pvz-cli/vendor-proto/validate/validate.pb.go:3165.14,3167.3 1 0
pvz-cli/vendor-proto/validate/validate.pb.go:3168.2,3168.12 1 0
pvz-cli/vendor-proto/validate/validate.pb.go:3171.58,3172.14 1 0
pvz-cli/vendor-proto/validate/validate.pb.go:3172.14,3174.3 1 0
pvz-cli/vendor-proto/validate/validate.pb.go:3175.2,3175.12 1 0
pvz-cli/vendor-proto/validate/validate.pb.go:3178.42,3179.32 1 0
pvz-cli/vendor-proto/validate/validate.pb.go:3179.32,3181.3 1 0
pvz-cli/vendor-proto/validate/validate.pb.go:3182.2,3182.14 1 0
pvz-cli/vendor-proto/validate/validate.pb.go:3185.42,3186.32 1 0
pvz-cli/vendor-proto/validate/validate.pb.go:3186.32,3188.3 1 0
pvz-cli/vendor-proto/validate/validate.pb.go:3189.2,3189.14 1 0
pvz-cli/vendor-proto/validate/validate.pb.go:3192.59,3193.14 1 0
pvz-cli/vendor-proto/validate/validate.pb.go:3193.14,3195.3 1 0
pvz-cli/vendor-proto/validate/validate.pb.go:3196.2,3196.12 1 0
pvz-cli/vendor-proto/validate/validate.pb.go:3670.56,3671.53 1 0
pvz-cli/vendor-proto/validate/validate.pb.go:3671.53,3673.3 1 0
pvz-cli/vendor-proto/validate/validate.pb.go:3674.2,3674.49 1 0
pvz-cli/vendor-proto/validate/validate.pb.go:3762.13,3762.52 1 0
pvz-cli/vendor-proto/validate/validate.pb.go:3763.42,3764.41 1 0
pvz-cli/vendor-proto/validate/validate.pb.go:3764.41,3766.3 1 0
pvz-cli/vendor-proto/validate/validate.pb.go:3767.2,3767.30 1 0
pvz-cli/vendor-proto/validate/validate.pb.go:3767.30,3768.94 1 0
pvz-cli/vendor-proto/validate/validate.pb.go:3768.94,3769.35 1 0
pvz-cli/vendor-proto/validate/validate.pb.go:3770.11,3771.20 1 0
pvz-cli/vendor-proto/validate/validate.pb.go:3772.11,3773.24 1 0
pvz-cli/vendor-proto/validate/validate.pb.go:3774.11,3775.28 1 0
pvz-cli/vendor-proto/validate/validate.pb.go:3776.12,3777.15 1 0
pvz-cli/vendor-proto/validate/validate.pb.go:3780.3,3780.94 1 0
pvz-cli/vendor-proto/validate/validate.pb.go:3780.94,3781.35 1 0
pvz-cli/vendor-proto/validate/validate.pb.go:3782.11,3783.20 1 0
pvz-cli/vendor-proto/validate/validate.pb.go:3784.11,3785.24 1 0
pvz-cli/vendor-proto/validate/validate.pb.go:3786.11,3787.28 1 0
pvz-cli/vendor-proto/validate/validate.pb.go:3788.12,3789.15 1 0
pvz-cli/vendor-proto/validate/validate.pb.go:3792.3,3792.94 1 0
pvz-cli/vendor-proto/validate/validate.pb.go:3792.94,3793.36 1 0
pvz-cli/vendor-proto/validate/validate.pb.go:3794.11,3795.20 1 0
pvz-cli/vendor-proto/validate/validate.pb.go:3796.11,3797.24 1 0
pvz-cli/vendor-proto/validate/validate.pb.go:3798.11,3799.28 1 0
pvz-cli/vendor-proto/validate/validate.pb.go:3800.12,3801.15 1 0
pvz-cli/vendor-proto/validate/validate.pb.go:3804.3,3804.94 1 0
pvz-cli/vendor-proto/validate/validate.pb.go:3804.94,3805.35 1 0
pvz-cli/vendor-proto/validate/validate.pb.go:3806.11,3807.20 1 0
pvz-cli/vendor-proto/validate/validate.pb.go:3808.11,3809.24 1 0
pvz-cli/vendor-proto/validate/validate.pb.go:3810.11,3811.28 1 0
pvz-cli/vendor-proto/validate/validate.pb.go:3812.12,3813.15 1 0
pvz-cli/vendor-proto/validate/validate.pb.go:3816.3,3816.94 1 0
pvz-cli/vendor-proto/validate/validate.pb.go:3816.94,3817.35 1 0
pvz-cli/vendor-proto/validate/validate.pb.go:3818.11,3819.20 1 0
pvz-cli/vendor-proto/validate/validate.pb.go:3820.11,3821.24 1 0
pvz-cli/vendor-proto/validate/validate.pb.go:3822.11,3823.28 1 0
pvz-cli/vendor-proto/validate/validate.pb.go:3824.12,3825.15 1 0
pvz-cli/vendor-proto/validate/validate.pb.go:3828.3,3828.94 1 0
pvz-cli/vendor-proto/validate/validate.pb.go:3828.94,3829.36 1 0
pvz-cli/vendor-proto/validate/validate.pb.go:3830.11,3831.20 1 0
pvz-cli/vendor-proto/validate/validate.pb.go:3832.11,3833.24 1 0
pvz-cli/vendor-proto/validate/validate.pb.go:3834.11,3835.28 1 0
pvz-cli/vendor-proto/validate/validate.pb.go:3836.12,3837.15 1 0
pvz-cli/vendor-proto/validate/validate.pb.go:3840.3,3840.94 1 0
pvz-cli/vendor-proto/validate/validate.pb.go:3840.94,3841.36 1 0
pvz-cli/vendor-proto/validate/validate.pb.go:3842.11,3843.20 1 0
pvz-cli/vendor-proto/validate/validate.pb.go:3844.11,3845.24 1 0
pvz-cli/vendor-proto/validate/validate.pb.go:3846.11,3847.28 1 0
pvz-cli/vendor-proto/validate/validate.pb.go:3848.12,3849.15 1 0
pvz-cli/vendor-proto/validate/validate.pb.go:3852.3,3852.94 1 0
pvz-cli/vendor-proto/validate/validate.pb.go:3852.94,3853.36 1 0
pvz-cli/vendor-proto/validate/validate.pb.go:3854.11,3855.20 1 0
pvz-cli/vendor-proto/validate/validate.pb.go:3856.11,3857.24 1 0
pvz-cli/vendor-proto/validate/validate.pb.go:3858.11,3859.28 1 0
pvz-cli/vendor-proto/validate/validate.pb.go:3860.12,3861.15 1 0
pvz-cli/vendor-proto/validate/validate.pb.go:3864.3,3864.94 1 0
pvz-cli/vendor-proto/validate/validate.pb.go:3864.94,3865.36 1 0
pvz-cli/vendor-proto/validate/validate.pb.go:3866.11,3867.20 1 0
pvz-cli/vendor-proto/validate/validate.pb.go:3868.11,3869.24 1 0
pvz-cli/vendor-proto/validate/validate.pb.go:3870.11,3871.28 1 0
pvz-cli/vendor-proto/validate/validate.pb.go:3872.12,3873.15 1 0
pvz-cli/vendor-proto/validate/validate.pb.go:3876.3,3876.94 1 0
pvz-cli/vendor-proto/validate/validate.pb.go:3876.94,3877.37 1 0
pvz-cli/vendor-proto/validate/validate.pb.go:3878.11,3879.20 1 0
pvz-cli/vendor-proto/validate/validate.pb.go:3880.11,3881.24 1 0
pvz-cli/vendor-proto/validate/validate.pb.go:3882.11,3883.28 1 0
pvz-cli/vendor-proto/validate/validate.pb.go:3884.12,3885.15 1 0
pvz-cli/vendor-proto/validate/validate.pb.go:3888.3,3888.95 1 0
pvz-cli/vendor-proto/validate/validate.pb.go:3888.95,3889.37 1 0
pvz-cli/vendor-proto/validate/validate.pb.go:3890.11,3891.20 1 0
pvz-cli/vendor-proto/validate/validate.pb.go:3892.11,3893.24 1 0
pvz-cli/vendor-proto/validate/validate.pb.go:3894.11,3895.28 1 0
pvz-cli/vendor-proto/validate/validate.pb.go:3896.12,3897.15 1 0
pvz-cli/vendor-proto/validate/validate.pb.go:3900.3,3900.95 1 0
pvz-cli/vendor-proto/validate/validate.pb.go:3900.95,3901.38 1 0
pvz-cli/vendor-proto/validate/validate.pb.go:3902.11,3903.20 1 0
pvz-cli/vendor-proto/validate/validate.pb.go:3904.11,3905.24 1 0
pvz-cli/vendor-proto/validate/validate.pb.go:3906.11,3907.28 1 0
pvz-cli/vendor-proto/validate/validate.pb.go:3908.12,3909.15 1 0
pvz-cli/vendor-proto/validate/validate.pb.go:3912.3,3912.95 1 0
pvz-cli/vendor-proto/validate/validate.pb.go:3912.95,3913.38 1 0
pvz-cli/vendor-proto/validate/validate.pb.go:3914.11,3915.20 1 0
pvz-cli/vendor-proto/validate/validate.pb.go:3916.11,3917.24 1 0
pvz-cli/vendor-proto/validate/validate.pb.go:3918.11,3919.28 1 0
pvz-cli/vendor-proto/validate/validate.pb.go:3920.12,3921.15 1 0
pvz-cli/vendor-proto/validate/validate.pb.go:3924.3,3924.95 1 0
pvz-cli/vendor-proto/validate/validate.pb.go:3924.95,3925.34 1 0
pvz-cli/vendor-proto/validate/validate.pb.go:3926.11,3927.20 1 0
pvz-cli/vendor-proto/validate/validate.pb.go:3928.11,3929.24 1 0
pvz-cli/vendor-proto/validate/validate.pb.go:3930.11,3931.28 1 0
pvz-cli/vendor-proto/validate/validate.pb.go:3932.12,3933.15 1 0
pvz-cli/vendor-proto/validate/validate.pb.go:3936.3,3936.95 1 0
pvz-cli/vendor-proto/validate/validate.pb.go:3936.95,3937.36 1 0
pvz-cli/vendor-proto/validate/validate.pb.go:3938.11,3939.20 1 0
pvz-cli/vendor-proto/validate/validate.pb.go:3940.11,3941.24 1 0
pvz-cli/vendor-proto/validate/validate.pb.go:3942.11,3943.28 1 0
pvz-cli/vendor-proto/validate/validate.pb.go:3944.12,3945.15 1 0
pvz-cli/vendor-proto/validate/validate.pb.go:3948.3,3948.95 1 0
pvz-cli/vendor-proto/validate/validate.pb.go:3948.95,3949.35 1 0
pvz-cli/vendor-proto/validate/validate.pb.go:3950.11,3951.20 1 0
pvz-cli/vendor-proto/validate/validate.pb.go:3952.11,3953.24 1 0
pvz-cli/vendor-proto/validate/validate.pb.go:3954.11,3955.28 1 0
pvz-cli/vendor-proto/validate/validate.pb.go:3956.12,3957.15 1 0
pvz-cli/vendor-proto/validate/validate.pb.go:3960.3,3960.95 1 0
pvz-cli/vendor-proto/validate/validate.pb.go:3960.95,3961.34 1 0
pvz-cli/vendor-proto/validate/validate.pb.go:3962.11,3963.20 1 0
pvz-cli/vendor-proto/validate/validate.pb.go:3964.11,3965.24 1 0
pvz-cli/vendor-proto/validate/validate.pb.go:3966.11,3967.28 1 0
pvz-cli/vendor-proto/validate/validate.pb.go:3968.12,3969.15 1 0
pvz-cli/vendor-proto/validate/validate.pb.go:3972.3,3972.95 1 0
pvz-cli/vendor-proto/validate/validate.pb.go:3972.95,3973.37 1 0
pvz-cli/vendor-proto/validate/validate.pb.go:3974.11,3975.20 1 0
pvz-cli/vendor-proto/validate/validate.pb.go:3976.11,3977.24 1 0
pvz-cli/vendor-proto/validate/validate.pb.go:3978.11,3979.28 1 0
pvz-cli/vendor-proto/validate/validate.pb.go:3980.12,3981.15 1 0
pvz-cli/vendor-proto/validate/validate.pb.go:3984.3,3984.95 1 0
pvz-cli/vendor-proto/validate/validate.pb.go:3984.95,3985.38 1 0
pvz-cli/vendor-proto/validate/validate.pb.go:3986.11,3987.20 1 0
pvz-cli/vendor-proto/validate/validate.pb.go:3988.11,3989.24 1 0
pvz-cli/vendor-proto/validate/validate.pb.go:3990.11,3991.28 1 0
pvz-cli/vendor-proto/validate/validate.pb.go:3992.12,3993.15 1 0
pvz-cli/vendor-proto/validate/validate.pb.go:3996.3,3996.95 1 0
pvz-cli/vendor-proto/validate/validate.pb.go:3996.95,3997.33 1 0
pvz-cli/vendor-proto/validate/validate.pb.go:3998.11,3999.20 1 0
pvz-cli/vendor-proto/validate/validate.pb.go:4000.11,4001.24 1 0
pvz-cli/vendor-proto/validate/validate.pb.go:4002.11,4003.28 1 0
pvz-cli/vendor-proto/validate/validate.pb.go:4004.12,4005.15 1 0
pvz-cli/vendor-proto/validate/validate.pb.go:4008.3,4008.95 1 0
pvz-cli/vendor-proto/validate/validate.pb.go:4008.95,4009.33 1 0
pvz-cli/vendor-proto/validate/validate.pb.go:4010.11,4011.20 1 0
pvz-cli/vendor-proto/validate/validate.pb.go:4012.11,4013.24 1 0
pvz-cli/vendor-proto/validate/validate.pb.go:4014.11,4015.28 1 0
pvz-cli/vendor-proto/validate/validate.pb.go:4016.12,4017.15 1 0
pvz-cli/vendor-proto/validate/validate.pb.go:4020.3,4020.95 1 0
pvz-cli/vendor-proto/validate/validate.pb.go:4020.95,4021.38 1 0
pvz-cli/vendor-proto/validate/validate.pb.go:4022.11,4023.20 1 0
pvz-cli/vendor-proto/validate/validate.pb.go:4024.11,4025.24 1 0
pvz-cli/vendor-proto/validate/validate.pb.go:4026.11,4027.28 1 0
pvz-cli/vendor-proto/validate/validate.pb.go:4028.12,4029.15 1 0
pvz-cli/vendor-proto/validate/validate.pb.go:4032.3,4032.95 1 0
pvz-cli/vendor-proto/validate/validate.pb.go:4032.95,4033.39 1 0
pvz-cli/vendor-proto/validate/validate.pb.go:4034.11,4035.20 1 0
pvz-cli/vendor-proto/validate/validate.pb.go:4036.11,4037.24 1 0
pvz-cli/vendor-proto/validate/validate.pb.go:4038.11,4039.28 1 0
pvz-cli/vendor-proto/validate/validate.pb.go:4040.12,4041.15 1 0
pvz-cli/vendor-proto/validate/validate.pb.go:4045.2,4104.44 9 0
